2026-03-21 14:32:13,084:INFO:Use bfloat16 training...
2026-03-21 14:32:13,428:INFO:Args:
2026-03-21 14:32:13,428:INFO:--> backend: nccl
2026-03-21 14:32:13,428:INFO:--> init_method: tcp://127.0.0.1:51693
2026-03-21 14:32:13,428:INFO:--> rank: 0
2026-03-21 14:32:13,428:INFO:--> local_rank: 0
2026-03-21 14:32:13,429:INFO:--> world_size: 8
2026-03-21 14:32:13,429:INFO:--> yml_path: /inspire/hdd/project/exploration-topic/public/ent/TIFO/configs/t2i_generation.yml
2026-03-21 14:32:13,429:INFO:--> pretrained_path: None
2026-03-21 14:32:13,429:INFO:--> load_optimizer: 0
2026-03-21 14:32:13,429:INFO:--> caption_shuffle_percent: 0
2026-03-21 14:32:13,429:INFO:--> train_data_index: 0
2026-03-21 14:32:13,429:INFO:--> local_shuffle_type: None
2026-03-21 14:32:13,429:INFO:--> zip_max_split: 1024
2026-03-21 14:32:13,429:INFO:--> visual_memory_format: contiguous_format
2026-03-21 14:32:13,429:INFO:--> show_model_arch: 0
2026-03-21 14:32:13,429:INFO:--> output_path: ./exp
2026-03-21 14:32:13,429:INFO:--> log_interval: 100
2026-03-21 14:32:13,429:INFO:--> save_per_epochs: 0.5
2026-03-21 14:32:13,429:INFO:--> max_epochs: 3
2026-03-21 14:32:13,429:INFO:--> warmup_epochs: 0.5
2026-03-21 14:32:13,429:INFO:--> lr_scheduler: cosine
2026-03-21 14:32:13,429:INFO:--> DATALOADER: CLIP_zip_dataloader
2026-03-21 14:32:13,429:INFO:--> mode: trian
2026-03-21 14:32:13,429:INFO:--> resume: 0
2026-03-21 14:32:13,429:INFO:--> prefetch_factor: 2
2026-03-21 14:32:13,429:INFO:--> lr: 0.0008
2026-03-21 14:32:13,429:INFO:--> weight_decay: 0.0
2026-03-21 14:32:13,429:INFO:--> label_smooth: 0.1
2026-03-21 14:32:13,430:INFO:--> image_size: 224
2026-03-21 14:32:13,430:INFO:--> num_workers: 6
2026-03-21 14:32:13,430:INFO:--> tokenizer_type: bert_chinese
2026-03-21 14:32:13,430:INFO:--> fix_inputs: 0
2026-03-21 14:32:13,430:INFO:--> profile: 0
2026-03-21 14:32:13,430:INFO:--> profile_skip_first: 5
2026-03-21 14:32:13,430:INFO:--> profile_wait: 5
2026-03-21 14:32:13,430:INFO:--> profile_warmup: 2
2026-03-21 14:32:13,430:INFO:--> profile_active: 3
2026-03-21 14:32:13,430:INFO:--> profile_repeat: 5
2026-03-21 14:32:13,430:INFO:--> profile_step: 150
2026-03-21 14:32:13,430:INFO:--> CRITERION: clip_loss_gather_parallel
2026-03-21 14:32:13,430:INFO:--> beta1: 0.9
2026-03-21 14:32:13,430:INFO:--> beta2: 0.96
2026-03-21 14:32:13,430:INFO:--> embed_dim: 512
2026-03-21 14:32:13,430:INFO:--> context_length: 80
2026-03-21 14:32:13,430:INFO:--> eval_first: 0
2026-03-21 14:32:13,430:INFO:--> eval_yml_path: 
2026-03-21 14:32:13,430:INFO:--> do_multilabeling: 0
2026-03-21 14:32:13,430:INFO:--> min_recall: 0.8
2026-03-21 14:32:13,430:INFO:--> exclude: []
2026-03-21 14:32:13,430:INFO:--> test_plan: []
2026-03-21 14:32:13,430:INFO:--> thres: 0
2026-03-21 14:32:13,431:INFO:--> ema: 0
2026-03-21 14:32:13,431:INFO:--> ema_decay: 0.999
2026-03-21 14:32:13,431:INFO:--> ema_multi_tensor_apply_chunk_size: 10000
2026-03-21 14:32:13,431:INFO:--> user_id: 
2026-03-21 14:32:13,431:INFO:--> deepspeed: False
2026-03-21 14:32:13,431:INFO:--> deepspeed_config: None
2026-03-21 14:32:13,431:INFO:--> deepscale: False
2026-03-21 14:32:13,431:INFO:--> deepscale_config: None
2026-03-21 14:32:13,431:INFO:--> DEVICE_TYPE: gpu
2026-03-21 14:32:13,431:INFO:--> common: {'output_path': '/inspire/hdd/project/exploration-topic/public/ent/TIFO/ckpt/t2i_generation/14192598000.0', 'pre_path': '/inspire/hdd/project/exploration-topic/public/ent/TIFO/ckpt/t2i_generation', 'log_path': '/inspire/hdd/project/exploration-topic/public/ent/TIFO/logs/t2i_generation/14192598000.0', 'save_per_iters': 1000, 'use_bf16': 1, 'use_fp16': 0, 'use_fsdp': 1, 'use_zero': 0, 'random_seed': 1024, 'log_interval': 1, 'machines': 1, 'task': 't2i'}
2026-03-21 14:32:13,431:INFO:--> optimize: {'max_epochs': 20, 'warmup_epochs': 0.1, 'lr': 0.0001, 'lr_scheduler': 'cosine', 'optimizer': 'adamw', 'weight_decay': 0.05, 'betas': [0.9, 0.95], 'eps': 1e-06}
2026-03-21 14:32:13,431:INFO:--> model: {'model_path': '/inspire/hdd/project/exploration-topic/public/downloaded_ckpts/Janus/Janus-Pro-7B', 'processor_path': '/inspire/hdd/project/exploration-topic/public/downloaded_ckpts/Janus/Janus-Pro-7B'}
2026-03-21 14:32:13,433:INFO:--> dataloader: {'und_data_path': '/inspire/hdd/project/exploration-topic/public/ent/download_dataset/BLIP3o-60k/*.tar', 'gen_data_path': '/inspire/hdd/project/exploration-topic/public/ent/download_dataset/BLIP3o-60k/*.tar', 'num_workers': 4, 'prefetch_factor': 4, 'sampler_shuffle': False, 'tasks': [0, 1], 'train': {'use_local_shuffle': True, 'task1': {'batch_size': 8, 'sample_ratio': 10}, 'task2': {'batch_size': 8, 'sample_ratio': 0}}}
2026-03-21 14:32:13,433:INFO:--> dataloader_len: 919
2026-03-21 14:32:13,433:INFO:
2026-03-21 14:32:13,441:INFO:Run configs dump to /inspire/hdd/project/exploration-topic/public/ent/TIFO/ckpt/t2i_generation/14192598000.0/run.yml
2026-03-21 14:32:19,351:INFO:Iter: [1/919]	Epoch: [0/20 (18380)]	batch_time 5.909 (5.909)	loss1 9.35975 (9.35975)	grad_norm1 52.59205 (52.59205)	loss2 0.97292 (0.97292)	grad_norm2 0.00000 (0.00000)	loss3 0.00000 (0.00000)	loss4 0.00000 (0.00000)	lr 2.077e-06 (2.077e-06)	RemainingTime 1 day, 6:10:03 (2026-03-22 20:42:22)	FPS  10.831
2026-03-21 14:32:20,963:INFO:Iter: [2/919]	Epoch: [0/20 (18380)]	batch_time 1.612 (1.612)	loss1 9.38671 (9.38671)	grad_norm1 40.59704 (40.59704)	loss2 0.97526 (0.97526)	grad_norm2 0.00000 (0.00000)	loss3 0.00000 (0.00000)	loss4 0.00000 (0.00000)	lr 3.155e-06 (3.155e-06)	RemainingTime 8:13:39 (2026-03-21 22:46:00)	FPS  39.712
2026-03-21 14:32:23,097:INFO:Iter: [3/919]	Epoch: [0/20 (18380)]	batch_time 2.134 (2.134)	loss1 9.32214 (9.32214)	grad_norm1 44.20124 (44.20124)	loss2 0.97365 (0.97365)	grad_norm2 0.00000 (0.00000)	loss3 0.00000 (0.00000)	loss4 0.00000 (0.00000)	lr 4.232e-06 (4.232e-06)	RemainingTime 10:53:44 (2026-03-22 01:26:07)	FPS  29.986
2026-03-21 14:32:24,705:INFO:Iter: [4/919]	Epoch: [0/20 (18380)]	batch_time 1.608 (1.608)	loss1 9.32929 (9.32929)	grad_norm1 53.23606 (53.23606)	loss2 0.97471 (0.97471)	grad_norm2 0.00000 (0.00000)	loss3 0.00000 (0.00000)	loss4 0.00000 (0.00000)	lr 5.309e-06 (5.309e-06)	RemainingTime 8:12:28 (2026-03-21 22:44:52)	FPS  39.804
2026-03-21 14:32:26,312:INFO:Iter: [5/919]	Epoch: [0/20 (18380)]	batch_time 1.607 (1.607)	loss1 9.16629 (9.16629)	grad_norm1 37.24714 (37.24714)	loss2 0.97567 (0.97567)	grad_norm2 0.00000 (0.00000)	loss3 0.00000 (0.00000)	loss4 0.00000 (0.00000)	lr 6.386e-06 (6.386e-06)	RemainingTime 8:12:02 (2026-03-21 22:44:28)	FPS  39.837
2026-03-21 14:32:27,916:INFO:Iter: [6/919]	Epoch: [0/20 (18380)]	batch_time 1.604 (1.604)	loss1 9.30664 (9.30664)	grad_norm1 40.04556 (40.04556)	loss2 0.97594 (0.97594)	grad_norm2 0.00000 (0.00000)	loss3 0.00000 (0.00000)	loss4 0.00000 (0.00000)	lr 7.464e-06 (7.464e-06)	RemainingTime 8:11:08 (2026-03-21 22:43:36)	FPS  39.907
2026-03-21 14:32:29,524:INFO:Iter: [7/919]	Epoch: [0/20 (18380)]	batch_time 1.607 (1.607)	loss1 9.27475 (9.27475)	grad_norm1 36.48677 (36.48677)	loss2 0.97402 (0.97402)	grad_norm2 0.00000 (0.00000)	loss3 0.00000 (0.00000)	loss4 0.00000 (0.00000)	lr 8.541e-06 (8.541e-06)	RemainingTime 8:12:12 (2026-03-21 22:44:41)	FPS  39.820
2026-03-21 14:32:31,136:INFO:Iter: [8/919]	Epoch: [0/20 (18380)]	batch_time 1.612 (1.612)	loss1 9.33876 (9.33876)	grad_norm1 24.43521 (24.43521)	loss2 0.97974 (0.97974)	grad_norm2 0.00000 (0.00000)	loss3 0.00000 (0.00000)	loss4 0.00000 (0.00000)	lr 9.618e-06 (9.618e-06)	RemainingTime 8:13:35 (2026-03-21 22:46:05)	FPS  39.706
2026-03-21 14:32:32,749:INFO:Iter: [9/919]	Epoch: [0/20 (18380)]	batch_time 1.612 (1.612)	loss1 9.20845 (9.20845)	grad_norm1 11.01681 (11.01681)	loss2 0.98215 (0.98215)	grad_norm2 0.00000 (0.00000)	loss3 0.00000 (0.00000)	loss4 0.00000 (0.00000)	lr 1.070e-05 (1.070e-05)	RemainingTime 8:13:37 (2026-03-21 22:46:09)	FPS  39.701
2026-03-21 14:32:34,350:INFO:Iter: [10/919]	Epoch: [0/20 (18380)]	batch_time 1.601 (1.601)	loss1 8.99379 (8.99379)	grad_norm1 19.69703 (19.69703)	loss2 0.97263 (0.97263)	grad_norm2 0.00000 (0.00000)	loss3 0.00000 (0.00000)	loss4 0.00000 (0.00000)	lr 1.177e-05 (1.177e-05)	RemainingTime 8:10:18 (2026-03-21 22:42:52)	FPS  39.967
2026-03-21 14:32:35,959:INFO:Iter: [11/919]	Epoch: [0/20 (18380)]	batch_time 1.608 (1.608)	loss1 8.95138 (8.95138)	grad_norm1 15.67269 (15.67269)	loss2 0.97273 (0.97273)	grad_norm2 0.00000 (0.00000)	loss3 0.00000 (0.00000)	loss4 0.00000 (0.00000)	lr 1.285e-05 (1.285e-05)	RemainingTime 8:12:21 (2026-03-21 22:44:56)	FPS  39.798
2026-03-21 14:32:37,579:INFO:Iter: [12/919]	Epoch: [0/20 (18380)]	batch_time 1.620 (1.620)	loss1 9.14481 (9.14481)	grad_norm1 10.36246 (10.36246)	loss2 0.97948 (0.97948)	grad_norm2 0.00000 (0.00000)	loss3 0.00000 (0.00000)	loss4 0.00000 (0.00000)	lr 1.393e-05 (1.393e-05)	RemainingTime 8:15:50 (2026-03-21 22:48:27)	FPS  39.516
2026-03-21 14:32:39,185:INFO:Iter: [13/919]	Epoch: [0/20 (18380)]	batch_time 1.606 (1.606)	loss1 8.84269 (8.84269)	grad_norm1 12.49172 (12.49172)	loss2 0.97195 (0.97195)	grad_norm2 0.00000 (0.00000)	loss3 0.00000 (0.00000)	loss4 0.00000 (0.00000)	lr 1.500e-05 (1.500e-05)	RemainingTime 8:11:42 (2026-03-21 22:44:21)	FPS  39.846
2026-03-21 14:32:40,797:INFO:Iter: [14/919]	Epoch: [0/20 (18380)]	batch_time 1.611 (1.611)	loss1 8.76301 (8.76301)	grad_norm1 11.26068 (11.26068)	loss2 0.97271 (0.97271)	grad_norm2 0.00000 (0.00000)	loss3 0.00000 (0.00000)	loss4 0.00000 (0.00000)	lr 1.608e-05 (1.608e-05)	RemainingTime 8:13:06 (2026-03-21 22:45:46)	FPS  39.732
2026-03-21 14:32:42,410:INFO:Iter: [15/919]	Epoch: [0/20 (18380)]	batch_time 1.613 (1.613)	loss1 9.13332 (9.13332)	grad_norm1 6.55814 (6.55814)	loss2 0.98133 (0.98133)	grad_norm2 0.00000 (0.00000)	loss3 0.00000 (0.00000)	loss4 0.00000 (0.00000)	lr 1.716e-05 (1.716e-05)	RemainingTime 8:13:40 (2026-03-21 22:46:22)	FPS  39.683
2026-03-21 14:32:44,016:INFO:Iter: [16/919]	Epoch: [0/20 (18380)]	batch_time 1.606 (1.606)	loss1 8.36669 (8.36669)	grad_norm1 9.60015 (9.60015)	loss2 0.97108 (0.97108)	grad_norm2 0.00000 (0.00000)	loss3 0.00000 (0.00000)	loss4 0.00000 (0.00000)	lr 1.824e-05 (1.824e-05)	RemainingTime 8:11:34 (2026-03-21 22:44:18)	FPS  39.851
2026-03-21 14:32:45,624:INFO:Iter: [17/919]	Epoch: [0/20 (18380)]	batch_time 1.608 (1.608)	loss1 8.52477 (8.52477)	grad_norm1 8.25813 (8.25813)	loss2 0.97021 (0.97021)	grad_norm2 0.00000 (0.00000)	loss3 0.00000 (0.00000)	loss4 0.00000 (0.00000)	lr 1.931e-05 (1.931e-05)	RemainingTime 8:12:06 (2026-03-21 22:44:51)	FPS  39.806
2026-03-21 14:32:47,234:INFO:Iter: [18/919]	Epoch: [0/20 (18380)]	batch_time 1.609 (1.609)	loss1 8.55999 (8.55999)	grad_norm1 6.17166 (6.17166)	loss2 0.97316 (0.97316)	grad_norm2 0.00000 (0.00000)	loss3 0.00000 (0.00000)	loss4 0.00000 (0.00000)	lr 2.039e-05 (2.039e-05)	RemainingTime 8:12:28 (2026-03-21 22:45:15)	FPS  39.774
2026-03-21 14:32:48,843:INFO:Iter: [19/919]	Epoch: [0/20 (18380)]	batch_time 1.609 (1.609)	loss1 8.41135 (8.41135)	grad_norm1 7.17376 (7.17376)	loss2 0.96948 (0.96948)	grad_norm2 0.00000 (0.00000)	loss3 0.00000 (0.00000)	loss4 0.00000 (0.00000)	lr 2.147e-05 (2.147e-05)	RemainingTime 8:12:23 (2026-03-21 22:45:11)	FPS  39.779
2026-03-21 14:32:50,451:INFO:Iter: [20/919]	Epoch: [0/20 (18380)]	batch_time 1.607 (1.607)	loss1 8.37505 (8.37505)	grad_norm1 7.15387 (7.15387)	loss2 0.96876 (0.96876)	grad_norm2 0.00000 (0.00000)	loss3 0.00000 (0.00000)	loss4 0.00000 (0.00000)	lr 2.255e-05 (2.255e-05)	RemainingTime 8:11:50 (2026-03-21 22:44:40)	FPS  39.820
2026-03-21 14:32:52,059:INFO:Iter: [21/919]	Epoch: [0/20 (18380)]	batch_time 1.608 (1.608)	loss1 8.37201 (8.37201)	grad_norm1 6.18745 (6.18745)	loss2 0.97043 (0.97043)	grad_norm2 0.00000 (0.00000)	loss3 0.00000 (0.00000)	loss4 0.00000 (0.00000)	lr 2.362e-05 (2.362e-05)	RemainingTime 8:11:58 (2026-03-21 22:44:50)	FPS  39.807
2026-03-21 14:32:53,682:INFO:Iter: [22/919]	Epoch: [0/20 (18380)]	batch_time 1.623 (1.623)	loss1 8.18647 (8.18647)	grad_norm1 7.04213 (7.04213)	loss2 0.96564 (0.96564)	grad_norm2 0.00000 (0.00000)	loss3 0.00000 (0.00000)	loss4 0.00000 (0.00000)	lr 2.470e-05 (2.470e-05)	RemainingTime 8:16:37 (2026-03-21 22:49:30)	FPS  39.432
2026-03-21 14:32:55,296:INFO:Iter: [23/919]	Epoch: [0/20 (18380)]	batch_time 1.613 (1.613)	loss1 8.29933 (8.29933)	grad_norm1 5.62476 (5.62476)	loss2 0.97123 (0.97123)	grad_norm2 0.00000 (0.00000)	loss3 0.00000 (0.00000)	loss4 0.00000 (0.00000)	lr 2.578e-05 (2.578e-05)	RemainingTime 8:13:31 (2026-03-21 22:46:25)	FPS  39.679
2026-03-21 14:32:56,907:INFO:Iter: [24/919]	Epoch: [0/20 (18380)]	batch_time 1.611 (1.611)	loss1 8.20996 (8.20996)	grad_norm1 5.87479 (5.87479)	loss2 0.96556 (0.96556)	grad_norm2 0.00000 (0.00000)	loss3 0.00000 (0.00000)	loss4 0.00000 (0.00000)	lr 2.685e-05 (2.685e-05)	RemainingTime 8:12:52 (2026-03-21 22:45:49)	FPS  39.728
2026-03-21 14:32:58,517:INFO:Iter: [25/919]	Epoch: [0/20 (18380)]	batch_time 1.609 (1.609)	loss1 8.17648 (8.17648)	grad_norm1 5.94325 (5.94325)	loss2 0.96359 (0.96359)	grad_norm2 0.00000 (0.00000)	loss3 0.00000 (0.00000)	loss4 0.00000 (0.00000)	lr 2.793e-05 (2.793e-05)	RemainingTime 8:12:22 (2026-03-21 22:45:20)	FPS  39.767
2026-03-21 14:33:00,123:INFO:Iter: [26/919]	Epoch: [0/20 (18380)]	batch_time 1.606 (1.606)	loss1 7.76398 (7.76398)	grad_norm1 6.65911 (6.65911)	loss2 0.95684 (0.95684)	grad_norm2 0.00000 (0.00000)	loss3 0.00000 (0.00000)	loss4 0.00000 (0.00000)	lr 2.901e-05 (2.901e-05)	RemainingTime 8:11:27 (2026-03-21 22:44:27)	FPS  39.838
2026-03-21 14:33:01,920:INFO:Iter: [27/919]	Epoch: [0/20 (18380)]	batch_time 1.796 (1.796)	loss1 7.84185 (7.84185)	grad_norm1 6.72187 (6.72187)	loss2 0.95438 (0.95438)	grad_norm2 0.00000 (0.00000)	loss3 0.00000 (0.00000)	loss4 0.00000 (0.00000)	lr 3.009e-05 (3.009e-05)	RemainingTime 9:09:26 (2026-03-21 23:42:28)	FPS  35.632
2026-03-21 14:33:03,529:INFO:Iter: [28/919]	Epoch: [0/20 (18380)]	batch_time 1.609 (1.609)	loss1 7.53670 (7.53670)	grad_norm1 6.17850 (6.17850)	loss2 0.95063 (0.95063)	grad_norm2 0.00000 (0.00000)	loss3 0.00000 (0.00000)	loss4 0.00000 (0.00000)	lr 3.116e-05 (3.116e-05)	RemainingTime 8:12:01 (2026-03-21 22:45:04)	FPS  39.788
2026-03-21 14:33:05,134:INFO:Iter: [29/919]	Epoch: [0/20 (18380)]	batch_time 1.605 (1.605)	loss1 7.62886 (7.62886)	grad_norm1 5.04571 (5.04571)	loss2 0.95143 (0.95143)	grad_norm2 0.00000 (0.00000)	loss3 0.00000 (0.00000)	loss4 0.00000 (0.00000)	lr 3.224e-05 (3.224e-05)	RemainingTime 8:10:55 (2026-03-21 22:44:00)	FPS  39.875
2026-03-21 14:33:06,745:INFO:Iter: [30/919]	Epoch: [0/20 (18380)]	batch_time 1.611 (1.611)	loss1 8.17343 (8.17343)	grad_norm1 4.13317 (4.13317)	loss2 0.95387 (0.95387)	grad_norm2 0.00000 (0.00000)	loss3 0.00000 (0.00000)	loss4 0.00000 (0.00000)	lr 3.332e-05 (3.332e-05)	RemainingTime 8:12:42 (2026-03-21 22:45:48)	FPS  39.729
2026-03-21 14:33:08,360:INFO:Iter: [31/919]	Epoch: [0/20 (18380)]	batch_time 1.614 (1.614)	loss1 7.11146 (7.11146)	grad_norm1 4.18094 (4.18094)	loss2 0.93962 (0.93962)	grad_norm2 0.00000 (0.00000)	loss3 0.00000 (0.00000)	loss4 0.00000 (0.00000)	lr 3.439e-05 (3.439e-05)	RemainingTime 8:13:41 (2026-03-21 22:46:49)	FPS  39.647
2026-03-21 14:33:10,156:INFO:Iter: [32/919]	Epoch: [0/20 (18380)]	batch_time 1.796 (1.796)	loss1 7.24108 (7.24108)	grad_norm1 3.48271 (3.48271)	loss2 0.93758 (0.93758)	grad_norm2 0.00000 (0.00000)	loss3 0.00000 (0.00000)	loss4 0.00000 (0.00000)	lr 3.547e-05 (3.547e-05)	RemainingTime 9:09:11 (2026-03-21 23:42:21)	FPS  35.639
2026-03-21 14:33:11,767:INFO:Iter: [33/919]	Epoch: [0/20 (18380)]	batch_time 1.611 (1.611)	loss1 6.73599 (6.73599)	grad_norm1 3.94803 (3.94803)	loss2 0.92781 (0.92781)	grad_norm2 0.00000 (0.00000)	loss3 0.00000 (0.00000)	loss4 0.00000 (0.00000)	lr 3.655e-05 (3.655e-05)	RemainingTime 8:12:35 (2026-03-21 22:45:46)	FPS  39.732
2026-03-21 14:33:13,384:INFO:Iter: [34/919]	Epoch: [0/20 (18380)]	batch_time 1.616 (1.616)	loss1 6.71602 (6.71602)	grad_norm1 3.32905 (3.32905)	loss2 0.91915 (0.91915)	grad_norm2 0.00000 (0.00000)	loss3 0.00000 (0.00000)	loss4 0.00000 (0.00000)	lr 3.763e-05 (3.763e-05)	RemainingTime 8:14:12 (2026-03-21 22:47:25)	FPS  39.599
2026-03-21 14:33:15,155:INFO:Iter: [35/919]	Epoch: [0/20 (18380)]	batch_time 1.770 (1.770)	loss1 6.54044 (6.54044)	grad_norm1 2.67507 (2.67507)	loss2 0.91126 (0.91126)	grad_norm2 0.00000 (0.00000)	loss3 0.00000 (0.00000)	loss4 0.00000 (0.00000)	lr 3.870e-05 (3.870e-05)	RemainingTime 9:01:17 (2026-03-21 23:34:32)	FPS  36.153
2026-03-21 14:33:16,763:INFO:Iter: [36/919]	Epoch: [0/20 (18380)]	batch_time 1.608 (1.608)	loss1 6.78191 (6.78191)	grad_norm1 1.96113 (1.96113)	loss2 0.90556 (0.90556)	grad_norm2 0.00000 (0.00000)	loss3 0.00000 (0.00000)	loss4 0.00000 (0.00000)	lr 3.978e-05 (3.978e-05)	RemainingTime 8:11:41 (2026-03-21 22:44:57)	FPS  39.799
2026-03-21 14:33:18,375:INFO:Iter: [37/919]	Epoch: [0/20 (18380)]	batch_time 1.612 (1.612)	loss1 6.58920 (6.58920)	grad_norm1 2.50232 (2.50232)	loss2 0.88981 (0.88981)	grad_norm2 0.00000 (0.00000)	loss3 0.00000 (0.00000)	loss4 0.00000 (0.00000)	lr 4.086e-05 (4.086e-05)	RemainingTime 8:12:47 (2026-03-21 22:46:05)	FPS  39.706
2026-03-21 14:33:19,988:INFO:Iter: [38/919]	Epoch: [0/20 (18380)]	batch_time 1.612 (1.612)	loss1 6.48299 (6.48299)	grad_norm1 1.83389 (1.83389)	loss2 0.87472 (0.87472)	grad_norm2 0.00000 (0.00000)	loss3 0.00000 (0.00000)	loss4 0.00000 (0.00000)	lr 4.194e-05 (4.194e-05)	RemainingTime 8:12:47 (2026-03-21 22:46:07)	FPS  39.704
2026-03-21 14:33:21,592:INFO:Iter: [39/919]	Epoch: [0/20 (18380)]	batch_time 1.604 (1.604)	loss1 6.42630 (6.42630)	grad_norm1 2.45410 (2.45410)	loss2 0.85513 (0.85513)	grad_norm2 0.00000 (0.00000)	loss3 0.00000 (0.00000)	loss4 0.00000 (0.00000)	lr 4.301e-05 (4.301e-05)	RemainingTime 8:10:15 (2026-03-21 22:43:36)	FPS  39.908
2026-03-21 14:33:23,212:INFO:Iter: [40/919]	Epoch: [0/20 (18380)]	batch_time 1.620 (1.620)	loss1 7.03494 (7.03494)	grad_norm1 1.80220 (1.80220)	loss2 0.84947 (0.84947)	grad_norm2 0.00000 (0.00000)	loss3 0.00000 (0.00000)	loss4 0.00000 (0.00000)	lr 4.409e-05 (4.409e-05)	RemainingTime 8:15:09 (2026-03-21 22:48:32)	FPS  39.510
2026-03-21 14:33:24,821:INFO:Iter: [41/919]	Epoch: [0/20 (18380)]	batch_time 1.609 (1.609)	loss1 6.77866 (6.77866)	grad_norm1 2.51224 (2.51224)	loss2 0.81771 (0.81771)	grad_norm2 0.00000 (0.00000)	loss3 0.00000 (0.00000)	loss4 0.00000 (0.00000)	lr 4.517e-05 (4.517e-05)	RemainingTime 8:11:55 (2026-03-21 22:45:20)	FPS  39.768
2026-03-21 14:33:26,434:INFO:Iter: [42/919]	Epoch: [0/20 (18380)]	batch_time 1.612 (1.612)	loss1 6.96874 (6.96874)	grad_norm1 1.73239 (1.73239)	loss2 0.79508 (0.79508)	grad_norm2 0.00000 (0.00000)	loss3 0.00000 (0.00000)	loss4 0.00000 (0.00000)	lr 4.624e-05 (4.624e-05)	RemainingTime 8:12:47 (2026-03-21 22:46:13)	FPS  39.697
2026-03-21 14:33:28,045:INFO:Iter: [43/919]	Epoch: [0/20 (18380)]	batch_time 1.610 (1.610)	loss1 6.27193 (6.27193)	grad_norm1 2.58674 (2.58674)	loss2 0.75112 (0.75112)	grad_norm2 0.00000 (0.00000)	loss3 0.00000 (0.00000)	loss4 0.00000 (0.00000)	lr 4.732e-05 (4.732e-05)	RemainingTime 8:12:09 (2026-03-21 22:45:37)	FPS  39.745
2026-03-21 14:33:29,667:INFO:Iter: [44/919]	Epoch: [0/20 (18380)]	batch_time 1.622 (1.622)	loss1 6.24689 (6.24689)	grad_norm1 1.83044 (1.83044)	loss2 0.71097 (0.71097)	grad_norm2 0.00000 (0.00000)	loss3 0.00000 (0.00000)	loss4 0.00000 (0.00000)	lr 4.840e-05 (4.840e-05)	RemainingTime 8:15:35 (2026-03-21 22:49:04)	FPS  39.467
2026-03-21 14:33:31,286:INFO:Iter: [45/919]	Epoch: [0/20 (18380)]	batch_time 1.619 (1.619)	loss1 6.65111 (6.65111)	grad_norm1 2.77586 (2.77586)	loss2 0.68201 (0.68201)	grad_norm2 0.00000 (0.00000)	loss3 0.00000 (0.00000)	loss4 0.00000 (0.00000)	lr 4.948e-05 (4.948e-05)	RemainingTime 8:14:48 (2026-03-21 22:48:19)	FPS  39.528
2026-03-21 14:33:32,897:INFO:Iter: [46/919]	Epoch: [0/20 (18380)]	batch_time 1.610 (1.610)	loss1 6.88793 (6.88793)	grad_norm1 1.73482 (1.73482)	loss2 0.64681 (0.64681)	grad_norm2 0.00000 (0.00000)	loss3 0.00000 (0.00000)	loss4 0.00000 (0.00000)	lr 5.055e-05 (5.055e-05)	RemainingTime 8:12:07 (2026-03-21 22:45:40)	FPS  39.741
2026-03-21 14:33:34,506:INFO:Iter: [47/919]	Epoch: [0/20 (18380)]	batch_time 1.608 (1.608)	loss1 7.90094 (7.90094)	grad_norm1 2.49215 (2.49215)	loss2 0.62760 (0.62760)	grad_norm2 0.00000 (0.00000)	loss3 0.00000 (0.00000)	loss4 0.00000 (0.00000)	lr 5.163e-05 (5.163e-05)	RemainingTime 8:11:24 (2026-03-21 22:44:58)	FPS  39.797
2026-03-21 14:33:36,113:INFO:Iter: [48/919]	Epoch: [0/20 (18380)]	batch_time 1.607 (1.607)	loss1 6.65346 (6.65346)	grad_norm1 1.77448 (1.77448)	loss2 0.55553 (0.55553)	grad_norm2 0.00000 (0.00000)	loss3 0.00000 (0.00000)	loss4 0.00000 (0.00000)	lr 5.271e-05 (5.271e-05)	RemainingTime 8:11:04 (2026-03-21 22:44:40)	FPS  39.822
2026-03-21 14:33:37,721:INFO:Iter: [49/919]	Epoch: [0/20 (18380)]	batch_time 1.608 (1.608)	loss1 6.27182 (6.27182)	grad_norm1 3.17791 (3.17791)	loss2 0.50781 (0.50781)	grad_norm2 0.00000 (0.00000)	loss3 0.00000 (0.00000)	loss4 0.00000 (0.00000)	lr 5.379e-05 (5.379e-05)	RemainingTime 8:11:09 (2026-03-21 22:44:46)	FPS  39.813
2026-03-21 14:33:39,332:INFO:Iter: [50/919]	Epoch: [0/20 (18380)]	batch_time 1.611 (1.611)	loss1 6.51424 (6.51424)	grad_norm1 2.16980 (2.16980)	loss2 0.47751 (0.47751)	grad_norm2 0.00000 (0.00000)	loss3 0.00000 (0.00000)	loss4 0.00000 (0.00000)	lr 5.486e-05 (5.486e-05)	RemainingTime 8:12:05 (2026-03-21 22:45:43)	FPS  39.736
2026-03-21 14:33:41,120:INFO:Iter: [51/919]	Epoch: [0/20 (18380)]	batch_time 1.788 (1.788)	loss1 6.50432 (6.50432)	grad_norm1 3.08038 (3.08038)	loss2 0.43971 (0.43971)	grad_norm2 0.00000 (0.00000)	loss3 0.00000 (0.00000)	loss4 0.00000 (0.00000)	lr 5.594e-05 (5.594e-05)	RemainingTime 9:06:11 (2026-03-21 23:39:52)	FPS  35.797
2026-03-21 14:33:42,730:INFO:Iter: [52/919]	Epoch: [0/20 (18380)]	batch_time 1.609 (1.609)	loss1 6.64416 (6.64416)	grad_norm1 1.73641 (1.73641)	loss2 0.40930 (0.40930)	grad_norm2 0.00000 (0.00000)	loss3 0.00000 (0.00000)	loss4 0.00000 (0.00000)	lr 5.702e-05 (5.702e-05)	RemainingTime 8:11:37 (2026-03-21 22:45:19)	FPS  39.769
2026-03-21 14:33:44,337:INFO:Iter: [53/919]	Epoch: [0/20 (18380)]	batch_time 1.607 (1.607)	loss1 6.31100 (6.31100)	grad_norm1 3.14272 (3.14272)	loss2 0.37563 (0.37563)	grad_norm2 0.00000 (0.00000)	loss3 0.00000 (0.00000)	loss4 0.00000 (0.00000)	lr 5.809e-05 (5.809e-05)	RemainingTime 8:10:55 (2026-03-21 22:44:39)	FPS  39.823
2026-03-21 14:33:45,953:INFO:Iter: [54/919]	Epoch: [0/20 (18380)]	batch_time 1.615 (1.615)	loss1 7.16152 (7.16152)	grad_norm1 1.76380 (1.76380)	loss2 0.36094 (0.36094)	grad_norm2 0.00000 (0.00000)	loss3 0.00000 (0.00000)	loss4 0.00000 (0.00000)	lr 5.917e-05 (5.917e-05)	RemainingTime 8:13:22 (2026-03-21 22:47:07)	FPS  39.624
2026-03-21 14:33:47,565:INFO:Iter: [55/919]	Epoch: [0/20 (18380)]	batch_time 1.612 (1.612)	loss1 6.15010 (6.15010)	grad_norm1 3.80731 (3.80731)	loss2 0.32676 (0.32676)	grad_norm2 0.00000 (0.00000)	loss3 0.00000 (0.00000)	loss4 0.00000 (0.00000)	lr 6.025e-05 (6.025e-05)	RemainingTime 8:12:24 (2026-03-21 22:46:11)	FPS  39.699
2026-03-21 14:33:49,174:INFO:Iter: [56/919]	Epoch: [0/20 (18380)]	batch_time 1.608 (1.608)	loss1 6.66709 (6.66709)	grad_norm1 1.73494 (1.73494)	loss2 0.31150 (0.31150)	grad_norm2 0.00000 (0.00000)	loss3 0.00000 (0.00000)	loss4 0.00000 (0.00000)	lr 6.133e-05 (6.133e-05)	RemainingTime 8:11:13 (2026-03-21 22:45:02)	FPS  39.792
2026-03-21 14:33:50,788:INFO:Iter: [57/919]	Epoch: [0/20 (18380)]	batch_time 1.614 (1.614)	loss1 6.75738 (6.75738)	grad_norm1 2.75830 (2.75830)	loss2 0.30069 (0.30069)	grad_norm2 0.00000 (0.00000)	loss3 0.00000 (0.00000)	loss4 0.00000 (0.00000)	lr 6.240e-05 (6.240e-05)	RemainingTime 8:12:46 (2026-03-21 22:46:36)	FPS  39.665
2026-03-21 14:33:52,544:INFO:Iter: [58/919]	Epoch: [0/20 (18380)]	batch_time 1.756 (1.756)	loss1 6.68155 (6.68155)	grad_norm1 1.72735 (1.72735)	loss2 0.28853 (0.28853)	grad_norm2 0.00000 (0.00000)	loss3 0.00000 (0.00000)	loss4 0.00000 (0.00000)	lr 6.348e-05 (6.348e-05)	RemainingTime 8:56:18 (2026-03-21 23:30:10)	FPS  36.443
2026-03-21 14:33:54,153:INFO:Iter: [59/919]	Epoch: [0/20 (18380)]	batch_time 1.608 (1.608)	loss1 6.23876 (6.23876)	grad_norm1 4.23704 (4.23704)	loss2 0.27962 (0.27962)	grad_norm2 0.00000 (0.00000)	loss3 0.00000 (0.00000)	loss4 0.00000 (0.00000)	lr 6.456e-05 (6.456e-05)	RemainingTime 8:11:03 (2026-03-21 22:44:57)	FPS  39.799
2026-03-21 14:33:56,123:INFO:Iter: [60/919]	Epoch: [0/20 (18380)]	batch_time 1.970 (1.970)	loss1 6.14442 (6.14442)	grad_norm1 3.31003 (3.31003)	loss2 0.26844 (0.26844)	grad_norm2 0.00000 (0.00000)	loss3 0.00000 (0.00000)	loss4 0.00000 (0.00000)	lr 6.564e-05 (6.564e-05)	RemainingTime 10:01:27 (2026-03-22 00:35:22)	FPS  32.492
2026-03-21 14:33:57,740:INFO:Iter: [61/919]	Epoch: [0/20 (18380)]	batch_time 1.617 (1.617)	loss1 6.16619 (6.16619)	grad_norm1 4.23673 (4.23673)	loss2 0.26598 (0.26598)	grad_norm2 0.00000 (0.00000)	loss3 0.00000 (0.00000)	loss4 0.00000 (0.00000)	lr 6.671e-05 (6.671e-05)	RemainingTime 8:13:44 (2026-03-21 22:47:42)	FPS  39.578
2026-03-21 14:33:59,353:INFO:Iter: [62/919]	Epoch: [0/20 (18380)]	batch_time 1.612 (1.612)	loss1 6.12867 (6.12867)	grad_norm1 2.56199 (2.56199)	loss2 0.26184 (0.26184)	grad_norm2 0.00000 (0.00000)	loss3 0.00000 (0.00000)	loss4 0.00000 (0.00000)	lr 6.779e-05 (6.779e-05)	RemainingTime 8:12:17 (2026-03-21 22:46:16)	FPS  39.693
2026-03-21 14:34:00,971:INFO:Iter: [63/919]	Epoch: [0/20 (18380)]	batch_time 1.618 (1.618)	loss1 6.19133 (6.19133)	grad_norm1 4.45267 (4.45267)	loss2 0.26056 (0.26056)	grad_norm2 0.00000 (0.00000)	loss3 0.00000 (0.00000)	loss4 0.00000 (0.00000)	lr 6.887e-05 (6.887e-05)	RemainingTime 8:13:56 (2026-03-21 22:47:57)	FPS  39.558
2026-03-21 14:34:02,582:INFO:Iter: [64/919]	Epoch: [0/20 (18380)]	batch_time 1.610 (1.610)	loss1 6.41228 (6.41228)	grad_norm1 1.82426 (1.82426)	loss2 0.26130 (0.26130)	grad_norm2 0.00000 (0.00000)	loss3 0.00000 (0.00000)	loss4 0.00000 (0.00000)	lr 6.994e-05 (6.994e-05)	RemainingTime 8:11:39 (2026-03-21 22:45:41)	FPS  39.740
2026-03-21 14:34:04,212:INFO:Iter: [65/919]	Epoch: [0/20 (18380)]	batch_time 1.630 (1.630)	loss1 6.27920 (6.27920)	grad_norm1 3.19289 (3.19289)	loss2 0.25921 (0.25921)	grad_norm2 0.00000 (0.00000)	loss3 0.00000 (0.00000)	loss4 0.00000 (0.00000)	lr 7.102e-05 (7.102e-05)	RemainingTime 8:17:30 (2026-03-21 22:51:33)	FPS  39.271
2026-03-21 14:34:05,828:INFO:Iter: [66/919]	Epoch: [0/20 (18380)]	batch_time 1.616 (1.616)	loss1 6.22502 (6.22502)	grad_norm1 3.79075 (3.79075)	loss2 0.26643 (0.26643)	grad_norm2 0.00000 (0.00000)	loss3 0.00000 (0.00000)	loss4 0.00000 (0.00000)	lr 7.210e-05 (7.210e-05)	RemainingTime 8:13:10 (2026-03-21 22:47:15)	FPS  39.613
2026-03-21 14:34:07,437:INFO:Iter: [67/919]	Epoch: [0/20 (18380)]	batch_time 1.609 (1.609)	loss1 6.28952 (6.28952)	grad_norm1 2.97998 (2.97998)	loss2 0.26331 (0.26331)	grad_norm2 0.00000 (0.00000)	loss3 0.00000 (0.00000)	loss4 0.00000 (0.00000)	lr 7.318e-05 (7.318e-05)	RemainingTime 8:11:04 (2026-03-21 22:45:10)	FPS  39.781
2026-03-21 14:34:09,046:INFO:Iter: [68/919]	Epoch: [0/20 (18380)]	batch_time 1.608 (1.608)	loss1 6.26236 (6.26236)	grad_norm1 2.40891 (2.40891)	loss2 0.26055 (0.26055)	grad_norm2 0.00000 (0.00000)	loss3 0.00000 (0.00000)	loss4 0.00000 (0.00000)	lr 7.425e-05 (7.425e-05)	RemainingTime 8:10:50 (2026-03-21 22:44:58)	FPS  39.798
2026-03-21 14:34:10,657:INFO:Iter: [69/919]	Epoch: [0/20 (18380)]	batch_time 1.610 (1.610)	loss1 6.08910 (6.08910)	grad_norm1 4.85449 (4.85449)	loss2 0.26597 (0.26597)	grad_norm2 0.00000 (0.00000)	loss3 0.00000 (0.00000)	loss4 0.00000 (0.00000)	lr 7.533e-05 (7.533e-05)	RemainingTime 8:11:27 (2026-03-21 22:45:37)	FPS  39.746
2026-03-21 14:34:12,268:INFO:Iter: [70/919]	Epoch: [0/20 (18380)]	batch_time 1.611 (1.611)	loss1 6.14137 (6.14137)	grad_norm1 3.47961 (3.47961)	loss2 0.26624 (0.26624)	grad_norm2 0.00000 (0.00000)	loss3 0.00000 (0.00000)	loss4 0.00000 (0.00000)	lr 7.641e-05 (7.641e-05)	RemainingTime 8:11:34 (2026-03-21 22:45:46)	FPS  39.733
2026-03-21 14:34:13,877:INFO:Iter: [71/919]	Epoch: [0/20 (18380)]	batch_time 1.609 (1.609)	loss1 6.35323 (6.35323)	grad_norm1 3.86548 (3.86548)	loss2 0.27172 (0.27172)	grad_norm2 0.00000 (0.00000)	loss3 0.00000 (0.00000)	loss4 0.00000 (0.00000)	lr 7.749e-05 (7.749e-05)	RemainingTime 8:11:03 (2026-03-21 22:45:16)	FPS  39.774
2026-03-21 14:34:15,494:INFO:Iter: [72/919]	Epoch: [0/20 (18380)]	batch_time 1.617 (1.617)	loss1 6.36278 (6.36278)	grad_norm1 2.33387 (2.33387)	loss2 0.27411 (0.27411)	grad_norm2 0.00000 (0.00000)	loss3 0.00000 (0.00000)	loss4 0.00000 (0.00000)	lr 7.856e-05 (7.856e-05)	RemainingTime 8:13:18 (2026-03-21 22:47:33)	FPS  39.589
2026-03-21 14:34:17,111:INFO:Iter: [73/919]	Epoch: [0/20 (18380)]	batch_time 1.616 (1.616)	loss1 6.36590 (6.36590)	grad_norm1 3.75279 (3.75279)	loss2 0.27660 (0.27660)	grad_norm2 0.00000 (0.00000)	loss3 0.00000 (0.00000)	loss4 0.00000 (0.00000)	lr 7.964e-05 (7.964e-05)	RemainingTime 8:13:11 (2026-03-21 22:47:28)	FPS  39.596
2026-03-21 14:34:18,717:INFO:Iter: [74/919]	Epoch: [0/20 (18380)]	batch_time 1.606 (1.606)	loss1 6.07906 (6.07906)	grad_norm1 3.83888 (3.83888)	loss2 0.27694 (0.27694)	grad_norm2 0.00000 (0.00000)	loss3 0.00000 (0.00000)	loss4 0.00000 (0.00000)	lr 8.072e-05 (8.072e-05)	RemainingTime 8:10:04 (2026-03-21 22:44:22)	FPS  39.846
2026-03-21 14:34:20,510:INFO:Iter: [75/919]	Epoch: [0/20 (18380)]	batch_time 1.792 (1.792)	loss1 6.48511 (6.48511)	grad_norm1 2.69696 (2.69696)	loss2 0.28339 (0.28339)	grad_norm2 0.00000 (0.00000)	loss3 0.00000 (0.00000)	loss4 0.00000 (0.00000)	lr 8.179e-05 (8.179e-05)	RemainingTime 9:06:43 (2026-03-21 23:41:03)	FPS  35.716
2026-03-21 14:34:22,118:INFO:Iter: [76/919]	Epoch: [0/20 (18380)]	batch_time 1.608 (1.608)	loss1 6.43271 (6.43271)	grad_norm1 2.27465 (2.27465)	loss2 0.28164 (0.28164)	grad_norm2 0.00000 (0.00000)	loss3 0.00000 (0.00000)	loss4 0.00000 (0.00000)	lr 8.287e-05 (8.287e-05)	RemainingTime 8:10:40 (2026-03-21 22:45:02)	FPS  39.793
2026-03-21 14:34:23,737:INFO:Iter: [77/919]	Epoch: [0/20 (18380)]	batch_time 1.618 (1.618)	loss1 6.24397 (6.24397)	grad_norm1 3.91218 (3.91218)	loss2 0.28698 (0.28698)	grad_norm2 0.00000 (0.00000)	loss3 0.00000 (0.00000)	loss4 0.00000 (0.00000)	lr 8.395e-05 (8.395e-05)	RemainingTime 8:13:45 (2026-03-21 22:48:08)	FPS  39.543
2026-03-21 14:34:25,349:INFO:Iter: [78/919]	Epoch: [0/20 (18380)]	batch_time 1.611 (1.611)	loss1 6.30798 (6.30798)	grad_norm1 3.09469 (3.09469)	loss2 0.28923 (0.28923)	grad_norm2 0.00000 (0.00000)	loss3 0.00000 (0.00000)	loss4 0.00000 (0.00000)	lr 8.503e-05 (8.503e-05)	RemainingTime 8:11:28 (2026-03-21 22:45:53)	FPS  39.725
2026-03-21 14:34:26,954:INFO:Iter: [79/919]	Epoch: [0/20 (18380)]	batch_time 1.605 (1.605)	loss1 6.15782 (6.15782)	grad_norm1 3.24391 (3.24391)	loss2 0.28936 (0.28936)	grad_norm2 0.00000 (0.00000)	loss3 0.00000 (0.00000)	loss4 0.00000 (0.00000)	lr 8.610e-05 (8.610e-05)	RemainingTime 8:09:43 (2026-03-21 22:44:09)	FPS  39.864
2026-03-21 14:34:28,566:INFO:Iter: [80/919]	Epoch: [0/20 (18380)]	batch_time 1.611 (1.611)	loss1 6.15957 (6.15957)	grad_norm1 3.08843 (3.08843)	loss2 0.29087 (0.29087)	grad_norm2 0.00000 (0.00000)	loss3 0.00000 (0.00000)	loss4 0.00000 (0.00000)	lr 8.718e-05 (8.718e-05)	RemainingTime 8:11:22 (2026-03-21 22:45:50)	FPS  39.729
2026-03-21 14:34:30,173:INFO:Iter: [81/919]	Epoch: [0/20 (18380)]	batch_time 1.607 (1.607)	loss1 6.07536 (6.07536)	grad_norm1 3.74248 (3.74248)	loss2 0.28947 (0.28947)	grad_norm2 0.00000 (0.00000)	loss3 0.00000 (0.00000)	loss4 0.00000 (0.00000)	lr 8.826e-05 (8.826e-05)	RemainingTime 8:10:16 (2026-03-21 22:44:45)	FPS  39.816
2026-03-21 14:34:31,783:INFO:Iter: [82/919]	Epoch: [0/20 (18380)]	batch_time 1.609 (1.609)	loss1 6.36757 (6.36757)	grad_norm1 2.04259 (2.04259)	loss2 0.29604 (0.29604)	grad_norm2 0.00000 (0.00000)	loss3 0.00000 (0.00000)	loss4 0.00000 (0.00000)	lr 8.934e-05 (8.934e-05)	RemainingTime 8:10:40 (2026-03-21 22:45:11)	FPS  39.780
2026-03-21 14:34:33,395:INFO:Iter: [83/919]	Epoch: [0/20 (18380)]	batch_time 1.612 (1.612)	loss1 6.19971 (6.19971)	grad_norm1 2.67738 (2.67738)	loss2 0.29995 (0.29995)	grad_norm2 0.00000 (0.00000)	loss3 0.00000 (0.00000)	loss4 0.00000 (0.00000)	lr 9.041e-05 (9.041e-05)	RemainingTime 8:11:33 (2026-03-21 22:46:06)	FPS  39.706
2026-03-21 14:34:35,207:INFO:Iter: [84/919]	Epoch: [0/20 (18380)]	batch_time 1.812 (1.812)	loss1 6.26235 (6.26235)	grad_norm1 1.74594 (1.74594)	loss2 0.28670 (0.28670)	grad_norm2 0.00000 (0.00000)	loss3 0.00000 (0.00000)	loss4 0.00000 (0.00000)	lr 9.149e-05 (9.149e-05)	RemainingTime 9:12:26 (2026-03-21 23:47:01)	FPS  35.328
2026-03-21 14:34:36,967:INFO:Iter: [85/919]	Epoch: [0/20 (18380)]	batch_time 1.760 (1.760)	loss1 6.12372 (6.12372)	grad_norm1 2.64386 (2.64386)	loss2 0.28859 (0.28859)	grad_norm2 0.00000 (0.00000)	loss3 0.00000 (0.00000)	loss4 0.00000 (0.00000)	lr 9.257e-05 (9.257e-05)	RemainingTime 8:56:46 (2026-03-21 23:31:22)	FPS  36.359
2026-03-21 14:34:38,576:INFO:Iter: [86/919]	Epoch: [0/20 (18380)]	batch_time 1.609 (1.609)	loss1 5.78955 (5.78955)	grad_norm1 2.92404 (2.92404)	loss2 0.28672 (0.28672)	grad_norm2 0.00000 (0.00000)	loss3 0.00000 (0.00000)	loss4 0.00000 (0.00000)	lr 9.364e-05 (9.364e-05)	RemainingTime 8:10:29 (2026-03-21 22:45:07)	FPS  39.787
2026-03-21 14:34:40,191:INFO:Iter: [87/919]	Epoch: [0/20 (18380)]	batch_time 1.614 (1.614)	loss1 6.19238 (6.19238)	grad_norm1 3.18431 (3.18431)	loss2 0.29329 (0.29329)	grad_norm2 0.00000 (0.00000)	loss3 0.00000 (0.00000)	loss4 0.00000 (0.00000)	lr 9.472e-05 (9.472e-05)	RemainingTime 8:12:09 (2026-03-21 22:46:49)	FPS  39.649
2026-03-21 14:34:41,801:INFO:Iter: [88/919]	Epoch: [0/20 (18380)]	batch_time 1.610 (1.610)	loss1 5.96019 (5.96019)	grad_norm1 1.79774 (1.79774)	loss2 0.28758 (0.28758)	grad_norm2 0.00000 (0.00000)	loss3 0.00000 (0.00000)	loss4 0.00000 (0.00000)	lr 9.580e-05 (9.580e-05)	RemainingTime 8:10:52 (2026-03-21 22:45:33)	FPS  39.751
2026-03-21 14:34:43,580:INFO:Iter: [89/919]	Epoch: [0/20 (18380)]	batch_time 1.778 (1.778)	loss1 6.14375 (6.14375)	grad_norm1 2.98920 (2.98920)	loss2 0.28048 (0.28048)	grad_norm2 0.00000 (0.00000)	loss3 0.00000 (0.00000)	loss4 0.00000 (0.00000)	lr 9.688e-05 (9.688e-05)	RemainingTime 9:02:10 (2026-03-21 23:36:53)	FPS  35.988
2026-03-21 14:34:45,241:INFO:Iter: [90/919]	Epoch: [0/20 (18380)]	batch_time 1.660 (1.660)	loss1 5.92816 (5.92816)	grad_norm1 2.04782 (2.04782)	loss2 0.28740 (0.28740)	grad_norm2 0.00000 (0.00000)	loss3 0.00000 (0.00000)	loss4 0.00000 (0.00000)	lr 9.795e-05 (9.795e-05)	RemainingTime 8:26:08 (2026-03-21 23:00:53)	FPS  38.547
2026-03-21 14:34:46,851:INFO:Iter: [91/919]	Epoch: [0/20 (18380)]	batch_time 1.610 (1.610)	loss1 6.11244 (6.11244)	grad_norm1 2.88068 (2.88068)	loss2 0.28320 (0.28320)	grad_norm2 0.00000 (0.00000)	loss3 0.00000 (0.00000)	loss4 0.00000 (0.00000)	lr 9.903e-05 (9.903e-05)	RemainingTime 8:10:48 (2026-03-21 22:45:35)	FPS  39.750
2026-03-21 14:34:48,462:INFO:Iter: [92/919]	Epoch: [0/20 (18380)]	batch_time 1.610 (1.610)	loss1 6.19070 (6.19070)	grad_norm1 1.73194 (1.73194)	loss2 0.28243 (0.28243)	grad_norm2 0.00000 (0.00000)	loss3 0.00000 (0.00000)	loss4 0.00000 (0.00000)	lr 1.001e-04 (1.001e-04)	RemainingTime 8:10:53 (2026-03-21 22:45:41)	FPS  39.741
2026-03-21 14:34:50,070:INFO:Iter: [93/919]	Epoch: [0/20 (18380)]	batch_time 1.608 (1.608)	loss1 5.92645 (5.92645)	grad_norm1 3.02314 (3.02314)	loss2 0.28085 (0.28085)	grad_norm2 0.00000 (0.00000)	loss3 0.00000 (0.00000)	loss4 0.00000 (0.00000)	lr 1.000e-04 (1.000e-04)	RemainingTime 8:10:08 (2026-03-21 22:44:58)	FPS  39.799
2026-03-21 14:34:51,710:INFO:Iter: [94/919]	Epoch: [0/20 (18380)]	batch_time 1.639 (1.639)	loss1 6.05439 (6.05439)	grad_norm1 1.81137 (1.81137)	loss2 0.27982 (0.27982)	grad_norm2 0.00000 (0.00000)	loss3 0.00000 (0.00000)	loss4 0.00000 (0.00000)	lr 1.000e-04 (1.000e-04)	RemainingTime 8:19:32 (2026-03-21 22:54:23)	FPS  39.049
2026-03-21 14:34:53,319:INFO:Iter: [95/919]	Epoch: [0/20 (18380)]	batch_time 1.609 (1.609)	loss1 6.08995 (6.08995)	grad_norm1 3.40850 (3.40850)	loss2 0.27490 (0.27490)	grad_norm2 0.00000 (0.00000)	loss3 0.00000 (0.00000)	loss4 0.00000 (0.00000)	lr 1.000e-04 (1.000e-04)	RemainingTime 8:10:15 (2026-03-21 22:45:08)	FPS  39.785
2026-03-21 14:34:54,936:INFO:Iter: [96/919]	Epoch: [0/20 (18380)]	batch_time 1.617 (1.617)	loss1 6.13844 (6.13844)	grad_norm1 2.59037 (2.59037)	loss2 0.27575 (0.27575)	grad_norm2 0.00000 (0.00000)	loss3 0.00000 (0.00000)	loss4 0.00000 (0.00000)	lr 1.000e-04 (1.000e-04)	RemainingTime 8:12:48 (2026-03-21 22:47:43)	FPS  39.578
2026-03-21 14:34:56,543:INFO:Iter: [97/919]	Epoch: [0/20 (18380)]	batch_time 1.606 (1.606)	loss1 6.14669 (6.14669)	grad_norm1 3.57526 (3.57526)	loss2 0.27029 (0.27029)	grad_norm2 0.00000 (0.00000)	loss3 0.00000 (0.00000)	loss4 0.00000 (0.00000)	lr 1.000e-04 (1.000e-04)	RemainingTime 8:09:30 (2026-03-21 22:44:27)	FPS  39.842
2026-03-21 14:34:58,154:INFO:Iter: [98/919]	Epoch: [0/20 (18380)]	batch_time 1.611 (1.611)	loss1 6.06687 (6.06687)	grad_norm1 2.04999 (2.04999)	loss2 0.27398 (0.27398)	grad_norm2 0.00000 (0.00000)	loss3 0.00000 (0.00000)	loss4 0.00000 (0.00000)	lr 1.000e-04 (1.000e-04)	RemainingTime 8:10:55 (2026-03-21 22:45:53)	FPS  39.725
2026-03-21 14:34:59,941:INFO:Iter: [99/919]	Epoch: [0/20 (18380)]	batch_time 1.786 (1.786)	loss1 5.94164 (5.94164)	grad_norm1 3.71226 (3.71226)	loss2 0.26896 (0.26896)	grad_norm2 0.00000 (0.00000)	loss3 0.00000 (0.00000)	loss4 0.00000 (0.00000)	lr 1.000e-04 (1.000e-04)	RemainingTime 9:04:09 (2026-03-21 23:39:09)	FPS  35.837
2026-03-21 14:35:01,548:INFO:Iter: [100/919]	Epoch: [0/20 (18380)]	batch_time 1.607 (1.607)	loss1 6.07756 (6.07756)	grad_norm1 2.63586 (2.63586)	loss2 0.26728 (0.26728)	grad_norm2 0.00000 (0.00000)	loss3 0.00000 (0.00000)	loss4 0.00000 (0.00000)	lr 1.000e-04 (1.000e-04)	RemainingTime 8:09:34 (2026-03-21 22:44:35)	FPS  39.830
2026-03-21 14:35:03,160:INFO:Iter: [101/919]	Epoch: [0/20 (18380)]	batch_time 1.612 (1.612)	loss1 6.01812 (6.01812)	grad_norm1 2.84121 (2.84121)	loss2 0.26845 (0.26845)	grad_norm2 0.00000 (0.00000)	loss3 0.00000 (0.00000)	loss4 0.00000 (0.00000)	lr 1.000e-04 (1.000e-04)	RemainingTime 8:11:04 (2026-03-21 22:46:06)	FPS  39.707
2026-03-21 14:35:04,772:INFO:Iter: [102/919]	Epoch: [0/20 (18380)]	batch_time 1.612 (1.612)	loss1 5.84158 (5.84158)	grad_norm1 2.30343 (2.30343)	loss2 0.26477 (0.26477)	grad_norm2 0.00000 (0.00000)	loss3 0.00000 (0.00000)	loss4 0.00000 (0.00000)	lr 1.000e-04 (1.000e-04)	RemainingTime 8:11:04 (2026-03-21 22:46:08)	FPS  39.705
2026-03-21 14:35:06,390:INFO:Iter: [103/919]	Epoch: [0/20 (18380)]	batch_time 1.617 (1.617)	loss1 5.98791 (5.98791)	grad_norm1 3.75048 (3.75048)	loss2 0.26768 (0.26768)	grad_norm2 0.00000 (0.00000)	loss3 0.00000 (0.00000)	loss4 0.00000 (0.00000)	lr 1.000e-04 (1.000e-04)	RemainingTime 8:12:38 (2026-03-21 22:47:44)	FPS  39.577
2026-03-21 14:35:07,998:INFO:Iter: [104/919]	Epoch: [0/20 (18380)]	batch_time 1.608 (1.608)	loss1 6.11706 (6.11706)	grad_norm1 1.90401 (1.90401)	loss2 0.26837 (0.26837)	grad_norm2 0.00000 (0.00000)	loss3 0.00000 (0.00000)	loss4 0.00000 (0.00000)	lr 1.000e-04 (1.000e-04)	RemainingTime 8:09:53 (2026-03-21 22:45:01)	FPS  39.796
2026-03-21 14:35:09,610:INFO:Iter: [105/919]	Epoch: [0/20 (18380)]	batch_time 1.612 (1.612)	loss1 6.08310 (6.08310)	grad_norm1 3.29701 (3.29701)	loss2 0.26886 (0.26886)	grad_norm2 0.00000 (0.00000)	loss3 0.00000 (0.00000)	loss4 0.00000 (0.00000)	lr 1.000e-04 (1.000e-04)	RemainingTime 8:10:53 (2026-03-21 22:46:03)	FPS  39.712
2026-03-21 14:35:11,214:INFO:Iter: [106/919]	Epoch: [0/20 (18380)]	batch_time 1.604 (1.604)	loss1 6.12470 (6.12470)	grad_norm1 2.21762 (2.21762)	loss2 0.27557 (0.27557)	grad_norm2 0.00000 (0.00000)	loss3 0.00000 (0.00000)	loss4 0.00000 (0.00000)	lr 1.000e-04 (1.000e-04)	RemainingTime 8:08:31 (2026-03-21 22:43:41)	FPS  39.904
2026-03-21 14:35:12,820:INFO:Iter: [107/919]	Epoch: [0/20 (18380)]	batch_time 1.605 (1.605)	loss1 5.87601 (5.87601)	grad_norm1 3.52943 (3.52943)	loss2 0.26303 (0.26303)	grad_norm2 0.00000 (0.00000)	loss3 0.00000 (0.00000)	loss4 0.00000 (0.00000)	lr 1.000e-04 (1.000e-04)	RemainingTime 8:08:54 (2026-03-21 22:44:07)	FPS  39.869
2026-03-21 14:35:14,611:INFO:Iter: [108/919]	Epoch: [0/20 (18380)]	batch_time 1.791 (1.791)	loss1 6.14514 (6.14514)	grad_norm1 2.04277 (2.04277)	loss2 0.26095 (0.26095)	grad_norm2 0.00000 (0.00000)	loss3 0.00000 (0.00000)	loss4 0.00000 (0.00000)	lr 1.000e-04 (1.000e-04)	RemainingTime 9:05:25 (2026-03-21 23:40:39)	FPS  35.736
2026-03-21 14:35:16,220:INFO:Iter: [109/919]	Epoch: [0/20 (18380)]	batch_time 1.608 (1.608)	loss1 6.19448 (6.19448)	grad_norm1 3.42338 (3.42338)	loss2 0.26542 (0.26542)	grad_norm2 0.00000 (0.00000)	loss3 0.00000 (0.00000)	loss4 0.00000 (0.00000)	lr 1.000e-04 (1.000e-04)	RemainingTime 8:09:43 (2026-03-21 22:44:59)	FPS  39.799
2026-03-21 14:35:17,827:INFO:Iter: [110/919]	Epoch: [0/20 (18380)]	batch_time 1.607 (1.607)	loss1 5.88911 (5.88911)	grad_norm1 2.74286 (2.74286)	loss2 0.26391 (0.26391)	grad_norm2 0.00000 (0.00000)	loss3 0.00000 (0.00000)	loss4 0.00000 (0.00000)	lr 1.000e-04 (1.000e-04)	RemainingTime 8:09:17 (2026-03-21 22:44:34)	FPS  39.832
2026-03-21 14:35:19,440:INFO:Iter: [111/919]	Epoch: [0/20 (18380)]	batch_time 1.613 (1.613)	loss1 5.96857 (5.96857)	grad_norm1 3.69265 (3.69265)	loss2 0.27005 (0.27005)	grad_norm2 0.00000 (0.00000)	loss3 0.00000 (0.00000)	loss4 0.00000 (0.00000)	lr 1.000e-04 (1.000e-04)	RemainingTime 8:11:12 (2026-03-21 22:46:31)	FPS  39.674
2026-03-21 14:35:21,198:INFO:Iter: [112/919]	Epoch: [0/20 (18380)]	batch_time 1.757 (1.757)	loss1 6.04915 (6.04915)	grad_norm1 2.03537 (2.03537)	loss2 0.26689 (0.26689)	grad_norm2 0.00000 (0.00000)	loss3 0.00000 (0.00000)	loss4 0.00000 (0.00000)	lr 1.000e-04 (1.000e-04)	RemainingTime 8:54:57 (2026-03-21 23:30:18)	FPS  36.427
2026-03-21 14:35:22,805:INFO:Iter: [113/919]	Epoch: [0/20 (18380)]	batch_time 1.607 (1.607)	loss1 6.11512 (6.11512)	grad_norm1 3.40875 (3.40875)	loss2 0.26649 (0.26649)	grad_norm2 0.00000 (0.00000)	loss3 0.00000 (0.00000)	loss4 0.00000 (0.00000)	lr 1.000e-04 (1.000e-04)	RemainingTime 8:09:23 (2026-03-21 22:44:45)	FPS  39.817
2026-03-21 14:35:24,415:INFO:Iter: [114/919]	Epoch: [0/20 (18380)]	batch_time 1.609 (1.609)	loss1 5.90824 (5.90824)	grad_norm1 2.59058 (2.59058)	loss2 0.26389 (0.26389)	grad_norm2 0.00000 (0.00000)	loss3 0.00000 (0.00000)	loss4 0.00000 (0.00000)	lr 1.000e-04 (1.000e-04)	RemainingTime 8:09:53 (2026-03-21 22:45:16)	FPS  39.775
2026-03-21 14:35:26,025:INFO:Iter: [115/919]	Epoch: [0/20 (18380)]	batch_time 1.610 (1.610)	loss1 5.96735 (5.96735)	grad_norm1 2.97695 (2.97695)	loss2 0.25768 (0.25768)	grad_norm2 0.00000 (0.00000)	loss3 0.00000 (0.00000)	loss4 0.00000 (0.00000)	lr 1.000e-04 (1.000e-04)	RemainingTime 8:10:08 (2026-03-21 22:45:33)	FPS  39.752
2026-03-21 14:35:27,647:INFO:Iter: [116/919]	Epoch: [0/20 (18380)]	batch_time 1.622 (1.622)	loss1 6.09402 (6.09402)	grad_norm1 1.84182 (1.84182)	loss2 0.26328 (0.26328)	grad_norm2 0.00000 (0.00000)	loss3 0.00000 (0.00000)	loss4 0.00000 (0.00000)	lr 1.000e-04 (1.000e-04)	RemainingTime 8:13:44 (2026-03-21 22:49:11)	FPS  39.460
2026-03-21 14:35:29,408:INFO:Iter: [117/919]	Epoch: [0/20 (18380)]	batch_time 1.760 (1.760)	loss1 6.06484 (6.06484)	grad_norm1 3.00203 (3.00203)	loss2 0.26691 (0.26691)	grad_norm2 0.00000 (0.00000)	loss3 0.00000 (0.00000)	loss4 0.00000 (0.00000)	lr 1.000e-04 (1.000e-04)	RemainingTime 8:55:48 (2026-03-21 23:31:17)	FPS  36.359
2026-03-21 14:35:31,018:INFO:Iter: [118/919]	Epoch: [0/20 (18380)]	batch_time 1.610 (1.610)	loss1 5.92771 (5.92771)	grad_norm1 1.73411 (1.73411)	loss2 0.26511 (0.26511)	grad_norm2 0.00000 (0.00000)	loss3 0.00000 (0.00000)	loss4 0.00000 (0.00000)	lr 1.000e-04 (1.000e-04)	RemainingTime 8:10:01 (2026-03-21 22:45:31)	FPS  39.755
2026-03-21 14:35:32,638:INFO:Iter: [119/919]	Epoch: [0/20 (18380)]	batch_time 1.619 (1.619)	loss1 5.85132 (5.85132)	grad_norm1 2.44234 (2.44234)	loss2 0.26676 (0.26676)	grad_norm2 0.00000 (0.00000)	loss3 0.00000 (0.00000)	loss4 0.00000 (0.00000)	lr 1.000e-04 (1.000e-04)	RemainingTime 8:12:55 (2026-03-21 22:48:27)	FPS  39.519
2026-03-21 14:35:34,247:INFO:Iter: [120/919]	Epoch: [0/20 (18380)]	batch_time 1.609 (1.609)	loss1 6.07187 (6.07187)	grad_norm1 2.32817 (2.32817)	loss2 0.25991 (0.25991)	grad_norm2 0.00000 (0.00000)	loss3 0.00000 (0.00000)	loss4 0.00000 (0.00000)	lr 1.000e-04 (1.000e-04)	RemainingTime 8:09:38 (2026-03-21 22:45:12)	FPS  39.781
2026-03-21 14:35:35,856:INFO:Iter: [121/919]	Epoch: [0/20 (18380)]	batch_time 1.609 (1.609)	loss1 6.07024 (6.07024)	grad_norm1 2.90794 (2.90794)	loss2 0.25781 (0.25781)	grad_norm2 0.00000 (0.00000)	loss3 0.00000 (0.00000)	loss4 0.00000 (0.00000)	lr 1.000e-04 (1.000e-04)	RemainingTime 8:09:42 (2026-03-21 22:45:17)	FPS  39.774
2026-03-21 14:35:37,463:INFO:Iter: [122/919]	Epoch: [0/20 (18380)]	batch_time 1.606 (1.606)	loss1 5.92099 (5.92099)	grad_norm1 2.22921 (2.22921)	loss2 0.26054 (0.26054)	grad_norm2 0.00000 (0.00000)	loss3 0.00000 (0.00000)	loss4 0.00000 (0.00000)	lr 1.000e-04 (1.000e-04)	RemainingTime 8:08:48 (2026-03-21 22:44:25)	FPS  39.845
2026-03-21 14:35:39,228:INFO:Iter: [123/919]	Epoch: [0/20 (18380)]	batch_time 1.764 (1.764)	loss1 6.10332 (6.10332)	grad_norm1 2.99818 (2.99818)	loss2 0.25958 (0.25958)	grad_norm2 0.00000 (0.00000)	loss3 0.00000 (0.00000)	loss4 0.00000 (0.00000)	lr 1.000e-04 (1.000e-04)	RemainingTime 8:56:49 (2026-03-21 23:32:28)	FPS  36.279
2026-03-21 14:35:40,837:INFO:Iter: [124/919]	Epoch: [0/20 (18380)]	batch_time 1.609 (1.609)	loss1 6.09604 (6.09604)	grad_norm1 1.75941 (1.75941)	loss2 0.26115 (0.26115)	grad_norm2 0.00000 (0.00000)	loss3 0.00000 (0.00000)	loss4 0.00000 (0.00000)	lr 1.000e-04 (1.000e-04)	RemainingTime 8:09:30 (2026-03-21 22:45:11)	FPS  39.783
2026-03-21 14:35:42,447:INFO:Iter: [125/919]	Epoch: [0/20 (18380)]	batch_time 1.610 (1.610)	loss1 5.89875 (5.89875)	grad_norm1 3.33598 (3.33598)	loss2 0.26004 (0.26004)	grad_norm2 0.00000 (0.00000)	loss3 0.00000 (0.00000)	loss4 0.00000 (0.00000)	lr 1.000e-04 (1.000e-04)	RemainingTime 8:09:53 (2026-03-21 22:45:35)	FPS  39.751
2026-03-21 14:35:44,058:INFO:Iter: [126/919]	Epoch: [0/20 (18380)]	batch_time 1.610 (1.610)	loss1 6.01116 (6.01116)	grad_norm1 1.95689 (1.95689)	loss2 0.25953 (0.25953)	grad_norm2 0.00000 (0.00000)	loss3 0.00000 (0.00000)	loss4 0.00000 (0.00000)	lr 1.000e-04 (1.000e-04)	RemainingTime 8:09:53 (2026-03-21 22:45:37)	FPS  39.748
2026-03-21 14:35:45,678:INFO:Iter: [127/919]	Epoch: [0/20 (18380)]	batch_time 1.620 (1.620)	loss1 6.20540 (6.20540)	grad_norm1 2.79745 (2.79745)	loss2 0.26634 (0.26634)	grad_norm2 0.00000 (0.00000)	loss3 0.00000 (0.00000)	loss4 0.00000 (0.00000)	lr 1.000e-04 (1.000e-04)	RemainingTime 8:12:56 (2026-03-21 22:48:42)	FPS  39.500
2026-03-21 14:35:47,286:INFO:Iter: [128/919]	Epoch: [0/20 (18380)]	batch_time 1.608 (1.608)	loss1 6.04126 (6.04126)	grad_norm1 2.49423 (2.49423)	loss2 0.26024 (0.26024)	grad_norm2 0.00000 (0.00000)	loss3 0.00000 (0.00000)	loss4 0.00000 (0.00000)	lr 1.000e-04 (1.000e-04)	RemainingTime 8:09:04 (2026-03-21 22:44:51)	FPS  39.810
2026-03-21 14:35:48,899:INFO:Iter: [129/919]	Epoch: [0/20 (18380)]	batch_time 1.612 (1.612)	loss1 5.89532 (5.89532)	grad_norm1 3.41078 (3.41078)	loss2 0.25768 (0.25768)	grad_norm2 0.00000 (0.00000)	loss3 0.00000 (0.00000)	loss4 0.00000 (0.00000)	lr 1.000e-04 (1.000e-04)	RemainingTime 8:10:27 (2026-03-21 22:46:15)	FPS  39.696
2026-03-21 14:35:50,514:INFO:Iter: [130/919]	Epoch: [0/20 (18380)]	batch_time 1.615 (1.615)	loss1 5.99138 (5.99138)	grad_norm1 2.58992 (2.58992)	loss2 0.25412 (0.25412)	grad_norm2 0.00000 (0.00000)	loss3 0.00000 (0.00000)	loss4 0.00000 (0.00000)	lr 1.000e-04 (1.000e-04)	RemainingTime 8:11:16 (2026-03-21 22:47:06)	FPS  39.627
2026-03-21 14:35:52,120:INFO:Iter: [131/919]	Epoch: [0/20 (18380)]	batch_time 1.606 (1.606)	loss1 5.85742 (5.85742)	grad_norm1 3.28838 (3.28838)	loss2 0.26283 (0.26283)	grad_norm2 0.00000 (0.00000)	loss3 0.00000 (0.00000)	loss4 0.00000 (0.00000)	lr 1.000e-04 (1.000e-04)	RemainingTime 8:08:26 (2026-03-21 22:44:18)	FPS  39.855
2026-03-21 14:35:53,892:INFO:Iter: [132/919]	Epoch: [0/20 (18380)]	batch_time 1.772 (1.772)	loss1 5.83178 (5.83178)	grad_norm1 3.47231 (3.47231)	loss2 0.25857 (0.25857)	grad_norm2 0.00000 (0.00000)	loss3 0.00000 (0.00000)	loss4 0.00000 (0.00000)	lr 1.000e-04 (1.000e-04)	RemainingTime 8:58:49 (2026-03-21 23:34:42)	FPS  36.127
2026-03-21 14:35:55,500:INFO:Iter: [133/919]	Epoch: [0/20 (18380)]	batch_time 1.607 (1.607)	loss1 5.93107 (5.93107)	grad_norm1 3.33434 (3.33434)	loss2 0.25995 (0.25995)	grad_norm2 0.00000 (0.00000)	loss3 0.00000 (0.00000)	loss4 0.00000 (0.00000)	lr 1.000e-04 (1.000e-04)	RemainingTime 8:08:48 (2026-03-21 22:44:43)	FPS  39.820
2026-03-21 14:35:57,113:INFO:Iter: [134/919]	Epoch: [0/20 (18380)]	batch_time 1.613 (1.613)	loss1 6.07446 (6.07446)	grad_norm1 2.29747 (2.29747)	loss2 0.26573 (0.26573)	grad_norm2 0.00000 (0.00000)	loss3 0.00000 (0.00000)	loss4 0.00000 (0.00000)	lr 1.000e-04 (1.000e-04)	RemainingTime 8:10:24 (2026-03-21 22:46:20)	FPS  39.689
2026-03-21 14:35:58,721:INFO:Iter: [135/919]	Epoch: [0/20 (18380)]	batch_time 1.608 (1.608)	loss1 5.87926 (5.87926)	grad_norm1 3.02373 (3.02373)	loss2 0.24931 (0.24931)	grad_norm2 0.00000 (0.00000)	loss3 0.00000 (0.00000)	loss4 0.00000 (0.00000)	lr 1.000e-04 (1.000e-04)	RemainingTime 8:09:00 (2026-03-21 22:44:59)	FPS  39.800
2026-03-21 14:36:00,482:INFO:Iter: [136/919]	Epoch: [0/20 (18380)]	batch_time 1.761 (1.761)	loss1 6.06566 (6.06566)	grad_norm1 2.69675 (2.69675)	loss2 0.25325 (0.25325)	grad_norm2 0.00000 (0.00000)	loss3 0.00000 (0.00000)	loss4 0.00000 (0.00000)	lr 1.000e-04 (1.000e-04)	RemainingTime 8:55:23 (2026-03-21 23:31:23)	FPS  36.350
2026-03-21 14:36:02,092:INFO:Iter: [137/919]	Epoch: [0/20 (18380)]	batch_time 1.609 (1.609)	loss1 5.90818 (5.90818)	grad_norm1 3.39478 (3.39478)	loss2 0.24963 (0.24963)	grad_norm2 0.00000 (0.00000)	loss3 0.00000 (0.00000)	loss4 0.00000 (0.00000)	lr 1.000e-04 (1.000e-04)	RemainingTime 8:09:14 (2026-03-21 22:45:16)	FPS  39.777
2026-03-21 14:36:03,705:INFO:Iter: [138/919]	Epoch: [0/20 (18380)]	batch_time 1.613 (1.613)	loss1 6.08023 (6.08023)	grad_norm1 1.87795 (1.87795)	loss2 0.26462 (0.26462)	grad_norm2 0.00000 (0.00000)	loss3 0.00000 (0.00000)	loss4 0.00000 (0.00000)	lr 1.000e-04 (1.000e-04)	RemainingTime 8:10:19 (2026-03-21 22:46:23)	FPS  39.686
2026-03-21 14:36:05,329:INFO:Iter: [139/919]	Epoch: [0/20 (18380)]	batch_time 1.624 (1.624)	loss1 5.98963 (5.98963)	grad_norm1 3.59014 (3.59014)	loss2 0.25409 (0.25409)	grad_norm2 0.00000 (0.00000)	loss3 0.00000 (0.00000)	loss4 0.00000 (0.00000)	lr 1.000e-04 (1.000e-04)	RemainingTime 8:13:51 (2026-03-21 22:49:55)	FPS  39.401
2026-03-21 14:36:06,935:INFO:Iter: [140/919]	Epoch: [0/20 (18380)]	batch_time 1.605 (1.605)	loss1 6.18923 (6.18923)	grad_norm1 2.16393 (2.16393)	loss2 0.25693 (0.25693)	grad_norm2 0.00000 (0.00000)	loss3 0.00000 (0.00000)	loss4 0.00000 (0.00000)	lr 1.000e-04 (1.000e-04)	RemainingTime 8:08:03 (2026-03-21 22:44:10)	FPS  39.866
2026-03-21 14:36:08,541:INFO:Iter: [141/919]	Epoch: [0/20 (18380)]	batch_time 1.605 (1.605)	loss1 6.10901 (6.10901)	grad_norm1 2.91769 (2.91769)	loss2 0.26443 (0.26443)	grad_norm2 0.00000 (0.00000)	loss3 0.00000 (0.00000)	loss4 0.00000 (0.00000)	lr 1.000e-04 (1.000e-04)	RemainingTime 8:08:02 (2026-03-21 22:44:10)	FPS  39.867
2026-03-21 14:36:10,147:INFO:Iter: [142/919]	Epoch: [0/20 (18380)]	batch_time 1.606 (1.606)	loss1 6.13838 (6.13838)	grad_norm1 2.29206 (2.29206)	loss2 0.25561 (0.25561)	grad_norm2 0.00000 (0.00000)	loss3 0.00000 (0.00000)	loss4 0.00000 (0.00000)	lr 1.000e-04 (1.000e-04)	RemainingTime 8:08:20 (2026-03-21 22:44:30)	FPS  39.839
2026-03-21 14:36:11,755:INFO:Iter: [143/919]	Epoch: [0/20 (18380)]	batch_time 1.608 (1.608)	loss1 5.82176 (5.82176)	grad_norm1 2.79966 (2.79966)	loss2 0.26161 (0.26161)	grad_norm2 0.00000 (0.00000)	loss3 0.00000 (0.00000)	loss4 0.00000 (0.00000)	lr 1.000e-04 (1.000e-04)	RemainingTime 8:08:40 (2026-03-21 22:44:51)	FPS  39.811
2026-03-21 14:36:13,366:INFO:Iter: [144/919]	Epoch: [0/20 (18380)]	batch_time 1.610 (1.610)	loss1 6.04698 (6.04698)	grad_norm1 1.86210 (1.86210)	loss2 0.25766 (0.25766)	grad_norm2 0.00000 (0.00000)	loss3 0.00000 (0.00000)	loss4 0.00000 (0.00000)	lr 1.000e-04 (1.000e-04)	RemainingTime 8:09:18 (2026-03-21 22:45:31)	FPS  39.756
2026-03-21 14:36:14,976:INFO:Iter: [145/919]	Epoch: [0/20 (18380)]	batch_time 1.610 (1.610)	loss1 5.88557 (5.88557)	grad_norm1 2.64101 (2.64101)	loss2 0.25840 (0.25840)	grad_norm2 0.00000 (0.00000)	loss3 0.00000 (0.00000)	loss4 0.00000 (0.00000)	lr 1.000e-04 (1.000e-04)	RemainingTime 8:09:12 (2026-03-21 22:45:27)	FPS  39.762
2026-03-21 14:36:16,749:INFO:Iter: [146/919]	Epoch: [0/20 (18380)]	batch_time 1.773 (1.773)	loss1 5.98076 (5.98076)	grad_norm1 2.28844 (2.28844)	loss2 0.25460 (0.25460)	grad_norm2 0.00000 (0.00000)	loss3 0.00000 (0.00000)	loss4 0.00000 (0.00000)	lr 1.000e-04 (1.000e-04)	RemainingTime 8:58:45 (2026-03-21 23:35:02)	FPS  36.103
2026-03-21 14:36:18,547:INFO:Iter: [147/919]	Epoch: [0/20 (18380)]	batch_time 1.798 (1.798)	loss1 6.10164 (6.10164)	grad_norm1 3.08984 (3.08984)	loss2 0.25584 (0.25584)	grad_norm2 0.00000 (0.00000)	loss3 0.00000 (0.00000)	loss4 0.00000 (0.00000)	lr 1.000e-04 (1.000e-04)	RemainingTime 9:06:26 (2026-03-21 23:42:44)	FPS  35.594
2026-03-21 14:36:20,159:INFO:Iter: [148/919]	Epoch: [0/20 (18380)]	batch_time 1.611 (1.611)	loss1 5.90993 (5.90993)	grad_norm1 2.40219 (2.40219)	loss2 0.25653 (0.25653)	grad_norm2 0.00000 (0.00000)	loss3 0.00000 (0.00000)	loss4 0.00000 (0.00000)	lr 1.000e-04 (1.000e-04)	RemainingTime 8:09:37 (2026-03-21 22:45:56)	FPS  39.722
2026-03-21 14:36:21,770:INFO:Iter: [149/919]	Epoch: [0/20 (18380)]	batch_time 1.611 (1.611)	loss1 6.03082 (6.03082)	grad_norm1 2.75465 (2.75465)	loss2 0.25701 (0.25701)	grad_norm2 0.00000 (0.00000)	loss3 0.00000 (0.00000)	loss4 0.00000 (0.00000)	lr 1.000e-04 (1.000e-04)	RemainingTime 8:09:25 (2026-03-21 22:45:46)	FPS  39.736
2026-03-21 14:36:23,389:INFO:Iter: [150/919]	Epoch: [0/20 (18380)]	batch_time 1.619 (1.619)	loss1 5.89949 (5.89949)	grad_norm1 1.84641 (1.84641)	loss2 0.25955 (0.25955)	grad_norm2 0.00000 (0.00000)	loss3 0.00000 (0.00000)	loss4 0.00000 (0.00000)	lr 1.000e-04 (1.000e-04)	RemainingTime 8:12:00 (2026-03-21 22:48:23)	FPS  39.525
2026-03-21 14:36:24,999:INFO:Iter: [151/919]	Epoch: [0/20 (18380)]	batch_time 1.609 (1.609)	loss1 5.82766 (5.82766)	grad_norm1 2.85677 (2.85677)	loss2 0.25568 (0.25568)	grad_norm2 0.00000 (0.00000)	loss3 0.00000 (0.00000)	loss4 0.00000 (0.00000)	lr 1.000e-04 (1.000e-04)	RemainingTime 8:08:58 (2026-03-21 22:45:23)	FPS  39.768
2026-03-21 14:36:26,619:INFO:Iter: [152/919]	Epoch: [0/20 (18380)]	batch_time 1.620 (1.620)	loss1 5.90852 (5.90852)	grad_norm1 2.07184 (2.07184)	loss2 0.25486 (0.25486)	grad_norm2 0.00000 (0.00000)	loss3 0.00000 (0.00000)	loss4 0.00000 (0.00000)	lr 1.000e-04 (1.000e-04)	RemainingTime 8:12:15 (2026-03-21 22:48:41)	FPS  39.501
2026-03-21 14:36:28,232:INFO:Iter: [153/919]	Epoch: [0/20 (18380)]	batch_time 1.612 (1.612)	loss1 6.01655 (6.01655)	grad_norm1 3.09773 (3.09773)	loss2 0.25123 (0.25123)	grad_norm2 0.00000 (0.00000)	loss3 0.00000 (0.00000)	loss4 0.00000 (0.00000)	lr 1.000e-04 (1.000e-04)	RemainingTime 8:09:43 (2026-03-21 22:46:10)	FPS  39.703
2026-03-21 14:36:29,839:INFO:Iter: [154/919]	Epoch: [0/20 (18380)]	batch_time 1.607 (1.607)	loss1 5.73942 (5.73942)	grad_norm1 1.97029 (1.97029)	loss2 0.25229 (0.25229)	grad_norm2 0.00000 (0.00000)	loss3 0.00000 (0.00000)	loss4 0.00000 (0.00000)	lr 1.000e-04 (1.000e-04)	RemainingTime 8:08:07 (2026-03-21 22:44:36)	FPS  39.831
2026-03-21 14:36:31,447:INFO:Iter: [155/919]	Epoch: [0/20 (18380)]	batch_time 1.608 (1.608)	loss1 6.07146 (6.07146)	grad_norm1 2.77456 (2.77456)	loss2 0.25661 (0.25661)	grad_norm2 0.00000 (0.00000)	loss3 0.00000 (0.00000)	loss4 0.00000 (0.00000)	lr 1.000e-04 (1.000e-04)	RemainingTime 8:08:24 (2026-03-21 22:44:55)	FPS  39.806
2026-03-21 14:36:33,244:INFO:Iter: [156/919]	Epoch: [0/20 (18380)]	batch_time 1.797 (1.797)	loss1 5.89840 (5.89840)	grad_norm1 2.20029 (2.20029)	loss2 0.25365 (0.25365)	grad_norm2 0.00000 (0.00000)	loss3 0.00000 (0.00000)	loss4 0.00000 (0.00000)	lr 1.000e-04 (1.000e-04)	RemainingTime 9:05:52 (2026-03-21 23:42:25)	FPS  35.613
2026-03-21 14:36:34,853:INFO:Iter: [157/919]	Epoch: [0/20 (18380)]	batch_time 1.608 (1.608)	loss1 5.99536 (5.99536)	grad_norm1 2.88889 (2.88889)	loss2 0.25412 (0.25412)	grad_norm2 0.00000 (0.00000)	loss3 0.00000 (0.00000)	loss4 0.00000 (0.00000)	lr 1.000e-04 (1.000e-04)	RemainingTime 8:08:21 (2026-03-21 22:44:56)	FPS  39.805
2026-03-21 14:36:36,465:INFO:Iter: [158/919]	Epoch: [0/20 (18380)]	batch_time 1.612 (1.612)	loss1 5.84777 (5.84777)	grad_norm1 1.73195 (1.73195)	loss2 0.25837 (0.25837)	grad_norm2 0.00000 (0.00000)	loss3 0.00000 (0.00000)	loss4 0.00000 (0.00000)	lr 1.000e-04 (1.000e-04)	RemainingTime 8:09:30 (2026-03-21 22:46:06)	FPS  39.709
2026-03-21 14:36:38,075:INFO:Iter: [159/919]	Epoch: [0/20 (18380)]	batch_time 1.610 (1.610)	loss1 6.09906 (6.09906)	grad_norm1 3.59000 (3.59000)	loss2 0.25633 (0.25633)	grad_norm2 0.00000 (0.00000)	loss3 0.00000 (0.00000)	loss4 0.00000 (0.00000)	lr 1.000e-04 (1.000e-04)	RemainingTime 8:09:03 (2026-03-21 22:45:41)	FPS  39.744
2026-03-21 14:36:39,694:INFO:Iter: [160/919]	Epoch: [0/20 (18380)]	batch_time 1.618 (1.618)	loss1 6.05042 (6.05042)	grad_norm1 2.05022 (2.05022)	loss2 0.25772 (0.25772)	grad_norm2 0.00000 (0.00000)	loss3 0.00000 (0.00000)	loss4 0.00000 (0.00000)	lr 1.000e-04 (1.000e-04)	RemainingTime 8:11:29 (2026-03-21 22:48:09)	FPS  39.544
2026-03-21 14:36:41,300:INFO:Iter: [161/919]	Epoch: [0/20 (18380)]	batch_time 1.606 (1.606)	loss1 5.89101 (5.89101)	grad_norm1 3.65148 (3.65148)	loss2 0.25224 (0.25224)	grad_norm2 0.00000 (0.00000)	loss3 0.00000 (0.00000)	loss4 0.00000 (0.00000)	lr 1.000e-04 (1.000e-04)	RemainingTime 8:07:35 (2026-03-21 22:44:15)	FPS  39.860
2026-03-21 14:36:42,905:INFO:Iter: [162/919]	Epoch: [0/20 (18380)]	batch_time 1.604 (1.604)	loss1 5.80428 (5.80428)	grad_norm1 1.79696 (1.79696)	loss2 0.25121 (0.25121)	grad_norm2 0.00000 (0.00000)	loss3 0.00000 (0.00000)	loss4 0.00000 (0.00000)	lr 1.000e-04 (1.000e-04)	RemainingTime 8:07:12 (2026-03-21 22:43:54)	FPS  39.888
2026-03-21 14:36:44,517:INFO:Iter: [163/919]	Epoch: [0/20 (18380)]	batch_time 1.611 (1.611)	loss1 5.86219 (5.86219)	grad_norm1 2.76523 (2.76523)	loss2 0.25230 (0.25230)	grad_norm2 0.00000 (0.00000)	loss3 0.00000 (0.00000)	loss4 0.00000 (0.00000)	lr 1.000e-04 (1.000e-04)	RemainingTime 8:09:18 (2026-03-21 22:46:02)	FPS  39.715
2026-03-21 14:36:46,132:INFO:Iter: [164/919]	Epoch: [0/20 (18380)]	batch_time 1.615 (1.615)	loss1 6.03893 (6.03893)	grad_norm1 1.73014 (1.73014)	loss2 0.25320 (0.25320)	grad_norm2 0.00000 (0.00000)	loss3 0.00000 (0.00000)	loss4 0.00000 (0.00000)	lr 1.000e-04 (1.000e-04)	RemainingTime 8:10:15 (2026-03-21 22:47:01)	FPS  39.636
2026-03-21 14:36:47,737:INFO:Iter: [165/919]	Epoch: [0/20 (18380)]	batch_time 1.604 (1.604)	loss1 5.83014 (5.83014)	grad_norm1 3.47133 (3.47133)	loss2 0.25653 (0.25653)	grad_norm2 0.00000 (0.00000)	loss3 0.00000 (0.00000)	loss4 0.00000 (0.00000)	lr 1.000e-04 (1.000e-04)	RemainingTime 8:07:02 (2026-03-21 22:43:49)	FPS  39.895
2026-03-21 14:36:49,347:INFO:Iter: [166/919]	Epoch: [0/20 (18380)]	batch_time 1.611 (1.611)	loss1 5.98941 (5.98941)	grad_norm1 1.90814 (1.90814)	loss2 0.25924 (0.25924)	grad_norm2 0.00000 (0.00000)	loss3 0.00000 (0.00000)	loss4 0.00000 (0.00000)	lr 1.000e-04 (1.000e-04)	RemainingTime 8:08:56 (2026-03-21 22:45:45)	FPS  39.738
2026-03-21 14:36:50,952:INFO:Iter: [167/919]	Epoch: [0/20 (18380)]	batch_time 1.605 (1.605)	loss1 6.00427 (6.00427)	grad_norm1 2.99423 (2.99423)	loss2 0.25364 (0.25364)	grad_norm2 0.00000 (0.00000)	loss3 0.00000 (0.00000)	loss4 0.00000 (0.00000)	lr 1.000e-04 (1.000e-04)	RemainingTime 8:07:07 (2026-03-21 22:43:57)	FPS  39.884
2026-03-21 14:36:52,566:INFO:Iter: [168/919]	Epoch: [0/20 (18380)]	batch_time 1.613 (1.613)	loss1 6.00262 (6.00262)	grad_norm1 1.93478 (1.93478)	loss2 0.25960 (0.25960)	grad_norm2 0.00000 (0.00000)	loss3 0.00000 (0.00000)	loss4 0.00000 (0.00000)	lr 1.000e-04 (1.000e-04)	RemainingTime 8:09:36 (2026-03-21 22:46:28)	FPS  39.680
2026-03-21 14:36:54,374:INFO:Iter: [169/919]	Epoch: [0/20 (18380)]	batch_time 1.808 (1.808)	loss1 5.88036 (5.88036)	grad_norm1 3.02522 (3.02522)	loss2 0.25683 (0.25683)	grad_norm2 0.00000 (0.00000)	loss3 0.00000 (0.00000)	loss4 0.00000 (0.00000)	lr 1.000e-04 (1.000e-04)	RemainingTime 9:08:51 (2026-03-21 23:45:45)	FPS  35.394
2026-03-21 14:36:55,986:INFO:Iter: [170/919]	Epoch: [0/20 (18380)]	batch_time 1.612 (1.612)	loss1 6.00404 (6.00404)	grad_norm1 2.39733 (2.39733)	loss2 0.25044 (0.25044)	grad_norm2 0.00000 (0.00000)	loss3 0.00000 (0.00000)	loss4 0.00000 (0.00000)	lr 1.000e-04 (1.000e-04)	RemainingTime 8:09:14 (2026-03-21 22:46:09)	FPS  39.705
2026-03-21 14:36:57,774:INFO:Iter: [171/919]	Epoch: [0/20 (18380)]	batch_time 1.787 (1.787)	loss1 5.94955 (5.94955)	grad_norm1 2.44986 (2.44986)	loss2 0.25359 (0.25359)	grad_norm2 0.00000 (0.00000)	loss3 0.00000 (0.00000)	loss4 0.00000 (0.00000)	lr 1.000e-04 (1.000e-04)	RemainingTime 9:02:28 (2026-03-21 23:39:25)	FPS  35.807
2026-03-21 14:36:59,382:INFO:Iter: [172/919]	Epoch: [0/20 (18380)]	batch_time 1.608 (1.608)	loss1 5.88803 (5.88803)	grad_norm1 2.00604 (2.00604)	loss2 0.25029 (0.25029)	grad_norm2 0.00000 (0.00000)	loss3 0.00000 (0.00000)	loss4 0.00000 (0.00000)	lr 1.000e-04 (1.000e-04)	RemainingTime 8:07:51 (2026-03-21 22:44:50)	FPS  39.813
2026-03-21 14:37:00,998:INFO:Iter: [173/919]	Epoch: [0/20 (18380)]	batch_time 1.615 (1.615)	loss1 6.01826 (6.01826)	grad_norm1 3.27355 (3.27355)	loss2 0.25583 (0.25583)	grad_norm2 0.00000 (0.00000)	loss3 0.00000 (0.00000)	loss4 0.00000 (0.00000)	lr 1.000e-04 (1.000e-04)	RemainingTime 8:10:11 (2026-03-21 22:47:12)	FPS  39.621
2026-03-21 14:37:02,757:INFO:Iter: [174/919]	Epoch: [0/20 (18380)]	batch_time 1.759 (1.759)	loss1 5.83245 (5.83245)	grad_norm1 1.79814 (1.79814)	loss2 0.25741 (0.25741)	grad_norm2 0.00000 (0.00000)	loss3 0.00000 (0.00000)	loss4 0.00000 (0.00000)	lr 1.000e-04 (1.000e-04)	RemainingTime 8:53:46 (2026-03-21 23:30:49)	FPS  36.384
2026-03-21 14:37:04,373:INFO:Iter: [175/919]	Epoch: [0/20 (18380)]	batch_time 1.616 (1.616)	loss1 5.85446 (5.85446)	grad_norm1 3.08287 (3.08287)	loss2 0.25141 (0.25141)	grad_norm2 0.00000 (0.00000)	loss3 0.00000 (0.00000)	loss4 0.00000 (0.00000)	lr 1.000e-04 (1.000e-04)	RemainingTime 8:10:19 (2026-03-21 22:47:23)	FPS  39.606
2026-03-21 14:37:05,984:INFO:Iter: [176/919]	Epoch: [0/20 (18380)]	batch_time 1.610 (1.610)	loss1 5.85309 (5.85309)	grad_norm1 1.86462 (1.86462)	loss2 0.24983 (0.24983)	grad_norm2 0.00000 (0.00000)	loss3 0.00000 (0.00000)	loss4 0.00000 (0.00000)	lr 9.999e-05 (9.999e-05)	RemainingTime 8:08:35 (2026-03-21 22:45:40)	FPS  39.745
2026-03-21 14:37:07,594:INFO:Iter: [177/919]	Epoch: [0/20 (18380)]	batch_time 1.609 (1.609)	loss1 5.98581 (5.98581)	grad_norm1 2.87940 (2.87940)	loss2 0.25673 (0.25673)	grad_norm2 0.00000 (0.00000)	loss3 0.00000 (0.00000)	loss4 0.00000 (0.00000)	lr 9.999e-05 (9.999e-05)	RemainingTime 8:08:19 (2026-03-21 22:45:26)	FPS  39.764
2026-03-21 14:37:09,204:INFO:Iter: [178/919]	Epoch: [0/20 (18380)]	batch_time 1.609 (1.609)	loss1 5.81565 (5.81565)	grad_norm1 2.14964 (2.14964)	loss2 0.25568 (0.25568)	grad_norm2 0.00000 (0.00000)	loss3 0.00000 (0.00000)	loss4 0.00000 (0.00000)	lr 9.999e-05 (9.999e-05)	RemainingTime 8:08:16 (2026-03-21 22:45:24)	FPS  39.767
2026-03-21 14:37:10,815:INFO:Iter: [179/919]	Epoch: [0/20 (18380)]	batch_time 1.611 (1.611)	loss1 6.16741 (6.16741)	grad_norm1 3.22900 (3.22900)	loss2 0.25346 (0.25346)	grad_norm2 0.00000 (0.00000)	loss3 0.00000 (0.00000)	loss4 0.00000 (0.00000)	lr 9.999e-05 (9.999e-05)	RemainingTime 8:08:47 (2026-03-21 22:45:58)	FPS  39.722
2026-03-21 14:37:12,588:INFO:Iter: [180/919]	Epoch: [0/20 (18380)]	batch_time 1.773 (1.773)	loss1 6.05149 (6.05149)	grad_norm1 1.78019 (1.78019)	loss2 0.25471 (0.25471)	grad_norm2 0.00000 (0.00000)	loss3 0.00000 (0.00000)	loss4 0.00000 (0.00000)	lr 9.999e-05 (9.999e-05)	RemainingTime 8:57:44 (2026-03-21 23:34:56)	FPS  36.104
2026-03-21 14:37:14,199:INFO:Iter: [181/919]	Epoch: [0/20 (18380)]	batch_time 1.611 (1.611)	loss1 5.93250 (5.93250)	grad_norm1 3.03215 (3.03215)	loss2 0.25510 (0.25510)	grad_norm2 0.00000 (0.00000)	loss3 0.00000 (0.00000)	loss4 0.00000 (0.00000)	lr 9.999e-05 (9.999e-05)	RemainingTime 8:08:32 (2026-03-21 22:45:46)	FPS  39.738
2026-03-21 14:37:15,806:INFO:Iter: [182/919]	Epoch: [0/20 (18380)]	batch_time 1.606 (1.606)	loss1 5.91566 (5.91566)	grad_norm1 1.97201 (1.97201)	loss2 0.25056 (0.25056)	grad_norm2 0.00000 (0.00000)	loss3 0.00000 (0.00000)	loss4 0.00000 (0.00000)	lr 9.999e-05 (9.999e-05)	RemainingTime 8:07:12 (2026-03-21 22:44:27)	FPS  39.845
2026-03-21 14:37:17,413:INFO:Iter: [183/919]	Epoch: [0/20 (18380)]	batch_time 1.607 (1.607)	loss1 5.93259 (5.93259)	grad_norm1 3.31844 (3.31844)	loss2 0.24847 (0.24847)	grad_norm2 0.00000 (0.00000)	loss3 0.00000 (0.00000)	loss4 0.00000 (0.00000)	lr 9.999e-05 (9.999e-05)	RemainingTime 8:07:21 (2026-03-21 22:44:38)	FPS  39.830
2026-03-21 14:37:19,017:INFO:Iter: [184/919]	Epoch: [0/20 (18380)]	batch_time 1.604 (1.604)	loss1 5.94707 (5.94707)	grad_norm1 2.02093 (2.02093)	loss2 0.24860 (0.24860)	grad_norm2 0.00000 (0.00000)	loss3 0.00000 (0.00000)	loss4 0.00000 (0.00000)	lr 9.999e-05 (9.999e-05)	RemainingTime 8:06:22 (2026-03-21 22:43:41)	FPS  39.908
2026-03-21 14:37:20,625:INFO:Iter: [185/919]	Epoch: [0/20 (18380)]	batch_time 1.608 (1.608)	loss1 5.97595 (5.97595)	grad_norm1 2.96499 (2.96499)	loss2 0.25278 (0.25278)	grad_norm2 0.00000 (0.00000)	loss3 0.00000 (0.00000)	loss4 0.00000 (0.00000)	lr 9.999e-05 (9.999e-05)	RemainingTime 8:07:36 (2026-03-21 22:44:56)	FPS  39.805
2026-03-21 14:37:22,234:INFO:Iter: [186/919]	Epoch: [0/20 (18380)]	batch_time 1.609 (1.609)	loss1 6.11652 (6.11652)	grad_norm1 1.74649 (1.74649)	loss2 0.25303 (0.25303)	grad_norm2 0.00000 (0.00000)	loss3 0.00000 (0.00000)	loss4 0.00000 (0.00000)	lr 9.999e-05 (9.999e-05)	RemainingTime 8:07:48 (2026-03-21 22:45:10)	FPS  39.787
2026-03-21 14:37:23,846:INFO:Iter: [187/919]	Epoch: [0/20 (18380)]	batch_time 1.611 (1.611)	loss1 6.03884 (6.03884)	grad_norm1 2.88183 (2.88183)	loss2 0.25882 (0.25882)	grad_norm2 0.00000 (0.00000)	loss3 0.00000 (0.00000)	loss4 0.00000 (0.00000)	lr 9.999e-05 (9.999e-05)	RemainingTime 8:08:36 (2026-03-21 22:45:59)	FPS  39.719
2026-03-21 14:37:25,453:INFO:Iter: [188/919]	Epoch: [0/20 (18380)]	batch_time 1.607 (1.607)	loss1 5.95891 (5.95891)	grad_norm1 1.89639 (1.89639)	loss2 0.25215 (0.25215)	grad_norm2 0.00000 (0.00000)	loss3 0.00000 (0.00000)	loss4 0.00000 (0.00000)	lr 9.999e-05 (9.999e-05)	RemainingTime 8:07:16 (2026-03-21 22:44:41)	FPS  39.826
2026-03-21 14:37:27,064:INFO:Iter: [189/919]	Epoch: [0/20 (18380)]	batch_time 1.610 (1.610)	loss1 5.97440 (5.97440)	grad_norm1 3.62079 (3.62079)	loss2 0.25532 (0.25532)	grad_norm2 0.00000 (0.00000)	loss3 0.00000 (0.00000)	loss4 0.00000 (0.00000)	lr 9.999e-05 (9.999e-05)	RemainingTime 8:08:18 (2026-03-21 22:45:44)	FPS  39.740
2026-03-21 14:37:28,676:INFO:Iter: [190/919]	Epoch: [0/20 (18380)]	batch_time 1.611 (1.611)	loss1 5.93568 (5.93568)	grad_norm1 1.91491 (1.91491)	loss2 0.25392 (0.25392)	grad_norm2 0.00000 (0.00000)	loss3 0.00000 (0.00000)	loss4 0.00000 (0.00000)	lr 9.999e-05 (9.999e-05)	RemainingTime 8:08:26 (2026-03-21 22:45:54)	FPS  39.726
2026-03-21 14:37:30,285:INFO:Iter: [191/919]	Epoch: [0/20 (18380)]	batch_time 1.609 (1.609)	loss1 5.79690 (5.79690)	grad_norm1 2.61413 (2.61413)	loss2 0.25130 (0.25130)	grad_norm2 0.00000 (0.00000)	loss3 0.00000 (0.00000)	loss4 0.00000 (0.00000)	lr 9.999e-05 (9.999e-05)	RemainingTime 8:07:44 (2026-03-21 22:45:13)	FPS  39.782
2026-03-21 14:37:31,892:INFO:Iter: [192/919]	Epoch: [0/20 (18380)]	batch_time 1.607 (1.607)	loss1 5.93662 (5.93662)	grad_norm1 1.81588 (1.81588)	loss2 0.25621 (0.25621)	grad_norm2 0.00000 (0.00000)	loss3 0.00000 (0.00000)	loss4 0.00000 (0.00000)	lr 9.999e-05 (9.999e-05)	RemainingTime 8:07:18 (2026-03-21 22:44:49)	FPS  39.815
2026-03-21 14:37:33,501:INFO:Iter: [193/919]	Epoch: [0/20 (18380)]	batch_time 1.608 (1.608)	loss1 6.04970 (6.04970)	grad_norm1 3.05408 (3.05408)	loss2 0.25624 (0.25624)	grad_norm2 0.00000 (0.00000)	loss3 0.00000 (0.00000)	loss4 0.00000 (0.00000)	lr 9.999e-05 (9.999e-05)	RemainingTime 8:07:24 (2026-03-21 22:44:57)	FPS  39.805
2026-03-21 14:37:35,111:INFO:Iter: [194/919]	Epoch: [0/20 (18380)]	batch_time 1.610 (1.610)	loss1 6.02744 (6.02744)	grad_norm1 1.80529 (1.80529)	loss2 0.25095 (0.25095)	grad_norm2 0.00000 (0.00000)	loss3 0.00000 (0.00000)	loss4 0.00000 (0.00000)	lr 9.999e-05 (9.999e-05)	RemainingTime 8:08:03 (2026-03-21 22:45:38)	FPS  39.748
2026-03-21 14:37:36,882:INFO:Iter: [195/919]	Epoch: [0/20 (18380)]	batch_time 1.770 (1.770)	loss1 5.91788 (5.91788)	grad_norm1 2.71100 (2.71100)	loss2 0.25388 (0.25388)	grad_norm2 0.00000 (0.00000)	loss3 0.00000 (0.00000)	loss4 0.00000 (0.00000)	lr 9.999e-05 (9.999e-05)	RemainingTime 8:56:32 (2026-03-21 23:34:08)	FPS  36.155
2026-03-21 14:37:38,492:INFO:Iter: [196/919]	Epoch: [0/20 (18380)]	batch_time 1.610 (1.610)	loss1 5.97812 (5.97812)	grad_norm1 2.12495 (2.12495)	loss2 0.25881 (0.25881)	grad_norm2 0.00000 (0.00000)	loss3 0.00000 (0.00000)	loss4 0.00000 (0.00000)	lr 9.999e-05 (9.999e-05)	RemainingTime 8:07:57 (2026-03-21 22:45:35)	FPS  39.753
2026-03-21 14:37:40,099:INFO:Iter: [197/919]	Epoch: [0/20 (18380)]	batch_time 1.607 (1.607)	loss1 5.84078 (5.84078)	grad_norm1 2.71047 (2.71047)	loss2 0.25250 (0.25250)	grad_norm2 0.00000 (0.00000)	loss3 0.00000 (0.00000)	loss4 0.00000 (0.00000)	lr 9.999e-05 (9.999e-05)	RemainingTime 8:07:01 (2026-03-21 22:44:41)	FPS  39.826
2026-03-21 14:37:41,705:INFO:Iter: [198/919]	Epoch: [0/20 (18380)]	batch_time 1.605 (1.605)	loss1 5.85366 (5.85366)	grad_norm1 1.79042 (1.79042)	loss2 0.24962 (0.24962)	grad_norm2 0.00000 (0.00000)	loss3 0.00000 (0.00000)	loss4 0.00000 (0.00000)	lr 9.999e-05 (9.999e-05)	RemainingTime 8:06:32 (2026-03-21 22:44:14)	FPS  39.864
2026-03-21 14:37:43,468:INFO:Iter: [199/919]	Epoch: [0/20 (18380)]	batch_time 1.762 (1.762)	loss1 5.83651 (5.83651)	grad_norm1 2.79722 (2.79722)	loss2 0.25315 (0.25315)	grad_norm2 0.00000 (0.00000)	loss3 0.00000 (0.00000)	loss4 0.00000 (0.00000)	lr 9.999e-05 (9.999e-05)	RemainingTime 8:54:03 (2026-03-21 23:31:46)	FPS  36.315
2026-03-21 14:37:45,082:INFO:Iter: [200/919]	Epoch: [0/20 (18380)]	batch_time 1.613 (1.613)	loss1 5.91993 (5.91993)	grad_norm1 1.74733 (1.74733)	loss2 0.25738 (0.25738)	grad_norm2 0.00000 (0.00000)	loss3 0.00000 (0.00000)	loss4 0.00000 (0.00000)	lr 9.999e-05 (9.999e-05)	RemainingTime 8:08:53 (2026-03-21 22:46:38)	FPS  39.668
2026-03-21 14:37:46,702:INFO:Iter: [201/919]	Epoch: [0/20 (18380)]	batch_time 1.620 (1.620)	loss1 5.85674 (5.85674)	grad_norm1 2.75083 (2.75083)	loss2 0.25433 (0.25433)	grad_norm2 0.00000 (0.00000)	loss3 0.00000 (0.00000)	loss4 0.00000 (0.00000)	lr 9.999e-05 (9.999e-05)	RemainingTime 8:10:59 (2026-03-21 22:48:45)	FPS  39.496
2026-03-21 14:37:48,315:INFO:Iter: [202/919]	Epoch: [0/20 (18380)]	batch_time 1.613 (1.613)	loss1 6.04279 (6.04279)	grad_norm1 1.80914 (1.80914)	loss2 0.25795 (0.25795)	grad_norm2 0.00000 (0.00000)	loss3 0.00000 (0.00000)	loss4 0.00000 (0.00000)	lr 9.999e-05 (9.999e-05)	RemainingTime 8:08:34 (2026-03-21 22:46:22)	FPS  39.689
2026-03-21 14:37:50,082:INFO:Iter: [203/919]	Epoch: [0/20 (18380)]	batch_time 1.766 (1.766)	loss1 6.16399 (6.16399)	grad_norm1 2.77462 (2.77462)	loss2 0.25782 (0.25782)	grad_norm2 0.00000 (0.00000)	loss3 0.00000 (0.00000)	loss4 0.00000 (0.00000)	lr 9.999e-05 (9.999e-05)	RemainingTime 8:55:04 (2026-03-21 23:32:53)	FPS  36.238
2026-03-21 14:37:51,889:INFO:Iter: [204/919]	Epoch: [0/20 (18380)]	batch_time 1.807 (1.807)	loss1 5.84484 (5.84484)	grad_norm1 2.01394 (2.01394)	loss2 0.24825 (0.24825)	grad_norm2 0.00000 (0.00000)	loss3 0.00000 (0.00000)	loss4 0.00000 (0.00000)	lr 9.999e-05 (9.999e-05)	RemainingTime 9:07:19 (2026-03-21 23:45:10)	FPS  35.426
2026-03-21 14:37:53,502:INFO:Iter: [205/919]	Epoch: [0/20 (18380)]	batch_time 1.613 (1.613)	loss1 5.89327 (5.89327)	grad_norm1 3.03829 (3.03829)	loss2 0.25428 (0.25428)	grad_norm2 0.00000 (0.00000)	loss3 0.00000 (0.00000)	loss4 0.00000 (0.00000)	lr 9.999e-05 (9.999e-05)	RemainingTime 8:08:33 (2026-03-21 22:46:26)	FPS  39.685
2026-03-21 14:37:55,113:INFO:Iter: [206/919]	Epoch: [0/20 (18380)]	batch_time 1.611 (1.611)	loss1 6.01918 (6.01918)	grad_norm1 2.20352 (2.20352)	loss2 0.25072 (0.25072)	grad_norm2 0.00000 (0.00000)	loss3 0.00000 (0.00000)	loss4 0.00000 (0.00000)	lr 9.999e-05 (9.999e-05)	RemainingTime 8:08:06 (2026-03-21 22:46:01)	FPS  39.719
2026-03-21 14:37:56,722:INFO:Iter: [207/919]	Epoch: [0/20 (18380)]	batch_time 1.609 (1.609)	loss1 5.77912 (5.77912)	grad_norm1 2.79812 (2.79812)	loss2 0.25655 (0.25655)	grad_norm2 0.00000 (0.00000)	loss3 0.00000 (0.00000)	loss4 0.00000 (0.00000)	lr 9.999e-05 (9.999e-05)	RemainingTime 8:07:15 (2026-03-21 22:45:11)	FPS  39.786
2026-03-21 14:37:58,337:INFO:Iter: [208/919]	Epoch: [0/20 (18380)]	batch_time 1.615 (1.615)	loss1 5.91890 (5.91890)	grad_norm1 1.92560 (1.92560)	loss2 0.26229 (0.26229)	grad_norm2 0.00000 (0.00000)	loss3 0.00000 (0.00000)	loss4 0.00000 (0.00000)	lr 9.999e-05 (9.999e-05)	RemainingTime 8:09:04 (2026-03-21 22:47:02)	FPS  39.636
2026-03-21 14:37:59,951:INFO:Iter: [209/919]	Epoch: [0/20 (18380)]	batch_time 1.613 (1.613)	loss1 5.72675 (5.72675)	grad_norm1 3.29996 (3.29996)	loss2 0.24828 (0.24828)	grad_norm2 0.00000 (0.00000)	loss3 0.00000 (0.00000)	loss4 0.00000 (0.00000)	lr 9.999e-05 (9.999e-05)	RemainingTime 8:08:39 (2026-03-21 22:46:38)	FPS  39.668
2026-03-21 14:38:01,562:INFO:Iter: [210/919]	Epoch: [0/20 (18380)]	batch_time 1.611 (1.611)	loss1 5.88969 (5.88969)	grad_norm1 1.99782 (1.99782)	loss2 0.24685 (0.24685)	grad_norm2 0.00000 (0.00000)	loss3 0.00000 (0.00000)	loss4 0.00000 (0.00000)	lr 9.999e-05 (9.999e-05)	RemainingTime 8:07:47 (2026-03-21 22:45:48)	FPS  39.736
2026-03-21 14:38:03,169:INFO:Iter: [211/919]	Epoch: [0/20 (18380)]	batch_time 1.607 (1.607)	loss1 5.89294 (5.89294)	grad_norm1 2.51289 (2.51289)	loss2 0.24579 (0.24579)	grad_norm2 0.00000 (0.00000)	loss3 0.00000 (0.00000)	loss4 0.00000 (0.00000)	lr 9.999e-05 (9.999e-05)	RemainingTime 8:06:32 (2026-03-21 22:44:35)	FPS  39.836
2026-03-21 14:38:04,782:INFO:Iter: [212/919]	Epoch: [0/20 (18380)]	batch_time 1.613 (1.613)	loss1 5.89505 (5.89505)	grad_norm1 2.13998 (2.13998)	loss2 0.25489 (0.25489)	grad_norm2 0.00000 (0.00000)	loss3 0.00000 (0.00000)	loss4 0.00000 (0.00000)	lr 9.999e-05 (9.999e-05)	RemainingTime 8:08:21 (2026-03-21 22:46:25)	FPS  39.685
2026-03-21 14:38:06,394:INFO:Iter: [213/919]	Epoch: [0/20 (18380)]	batch_time 1.612 (1.612)	loss1 5.84540 (5.84540)	grad_norm1 3.32802 (3.32802)	loss2 0.25409 (0.25409)	grad_norm2 0.00000 (0.00000)	loss3 0.00000 (0.00000)	loss4 0.00000 (0.00000)	lr 9.999e-05 (9.999e-05)	RemainingTime 8:08:06 (2026-03-21 22:46:12)	FPS  39.703
2026-03-21 14:38:08,012:INFO:Iter: [214/919]	Epoch: [0/20 (18380)]	batch_time 1.617 (1.617)	loss1 5.76939 (5.76939)	grad_norm1 1.82525 (1.82525)	loss2 0.25272 (0.25272)	grad_norm2 0.00000 (0.00000)	loss3 0.00000 (0.00000)	loss4 0.00000 (0.00000)	lr 9.999e-05 (9.999e-05)	RemainingTime 8:09:34 (2026-03-21 22:47:41)	FPS  39.583
2026-03-21 14:38:09,623:INFO:Iter: [215/919]	Epoch: [0/20 (18380)]	batch_time 1.611 (1.611)	loss1 5.87609 (5.87609)	grad_norm1 3.43879 (3.43879)	loss2 0.25529 (0.25529)	grad_norm2 0.00000 (0.00000)	loss3 0.00000 (0.00000)	loss4 0.00000 (0.00000)	lr 9.999e-05 (9.999e-05)	RemainingTime 8:07:37 (2026-03-21 22:45:46)	FPS  39.738
2026-03-21 14:38:11,232:INFO:Iter: [216/919]	Epoch: [0/20 (18380)]	batch_time 1.609 (1.609)	loss1 5.90000 (5.90000)	grad_norm1 1.73411 (1.73411)	loss2 0.24636 (0.24636)	grad_norm2 0.00000 (0.00000)	loss3 0.00000 (0.00000)	loss4 0.00000 (0.00000)	lr 9.999e-05 (9.999e-05)	RemainingTime 8:07:13 (2026-03-21 22:45:23)	FPS  39.769
2026-03-21 14:38:12,838:INFO:Iter: [217/919]	Epoch: [0/20 (18380)]	batch_time 1.606 (1.606)	loss1 5.99314 (5.99314)	grad_norm1 2.94936 (2.94936)	loss2 0.25643 (0.25643)	grad_norm2 0.00000 (0.00000)	loss3 0.00000 (0.00000)	loss4 0.00000 (0.00000)	lr 9.999e-05 (9.999e-05)	RemainingTime 8:06:06 (2026-03-21 22:44:18)	FPS  39.858
2026-03-21 14:38:14,445:INFO:Iter: [218/919]	Epoch: [0/20 (18380)]	batch_time 1.606 (1.606)	loss1 5.89849 (5.89849)	grad_norm1 1.74581 (1.74581)	loss2 0.25379 (0.25379)	grad_norm2 0.00000 (0.00000)	loss3 0.00000 (0.00000)	loss4 0.00000 (0.00000)	lr 9.999e-05 (9.999e-05)	RemainingTime 8:06:17 (2026-03-21 22:44:31)	FPS  39.840
2026-03-21 14:38:16,213:INFO:Iter: [219/919]	Epoch: [0/20 (18380)]	batch_time 1.767 (1.767)	loss1 5.91267 (5.91267)	grad_norm1 2.82655 (2.82655)	loss2 0.24784 (0.24784)	grad_norm2 0.00000 (0.00000)	loss3 0.00000 (0.00000)	loss4 0.00000 (0.00000)	lr 9.999e-05 (9.999e-05)	RemainingTime 8:54:59 (2026-03-21 23:33:15)	FPS  36.212
2026-03-21 14:38:17,818:INFO:Iter: [220/919]	Epoch: [0/20 (18380)]	batch_time 1.605 (1.605)	loss1 5.95019 (5.95019)	grad_norm1 1.93474 (1.93474)	loss2 0.24882 (0.24882)	grad_norm2 0.00000 (0.00000)	loss3 0.00000 (0.00000)	loss4 0.00000 (0.00000)	lr 9.999e-05 (9.999e-05)	RemainingTime 8:05:52 (2026-03-21 22:44:10)	FPS  39.870
2026-03-21 14:38:19,426:INFO:Iter: [221/919]	Epoch: [0/20 (18380)]	batch_time 1.607 (1.607)	loss1 6.03636 (6.03636)	grad_norm1 2.82846 (2.82846)	loss2 0.25652 (0.25652)	grad_norm2 0.00000 (0.00000)	loss3 0.00000 (0.00000)	loss4 0.00000 (0.00000)	lr 9.999e-05 (9.999e-05)	RemainingTime 8:06:28 (2026-03-21 22:44:47)	FPS  39.818
2026-03-21 14:38:21,038:INFO:Iter: [222/919]	Epoch: [0/20 (18380)]	batch_time 1.612 (1.612)	loss1 5.99732 (5.99732)	grad_norm1 2.89694 (2.89694)	loss2 0.25475 (0.25475)	grad_norm2 0.00000 (0.00000)	loss3 0.00000 (0.00000)	loss4 0.00000 (0.00000)	lr 9.999e-05 (9.999e-05)	RemainingTime 8:07:51 (2026-03-21 22:46:11)	FPS  39.704
2026-03-21 14:38:22,645:INFO:Iter: [223/919]	Epoch: [0/20 (18380)]	batch_time 1.606 (1.606)	loss1 5.94398 (5.94398)	grad_norm1 4.26752 (4.26752)	loss2 0.25384 (0.25384)	grad_norm2 0.00000 (0.00000)	loss3 0.00000 (0.00000)	loss4 0.00000 (0.00000)	lr 9.999e-05 (9.999e-05)	RemainingTime 8:06:04 (2026-03-21 22:44:27)	FPS  39.847
2026-03-21 14:38:24,252:INFO:Iter: [224/919]	Epoch: [0/20 (18380)]	batch_time 1.607 (1.607)	loss1 6.11342 (6.11342)	grad_norm1 2.42375 (2.42375)	loss2 0.25478 (0.25478)	grad_norm2 0.00000 (0.00000)	loss3 0.00000 (0.00000)	loss4 0.00000 (0.00000)	lr 9.999e-05 (9.999e-05)	RemainingTime 8:06:19 (2026-03-21 22:44:43)	FPS  39.824
2026-03-21 14:38:25,868:INFO:Iter: [225/919]	Epoch: [0/20 (18380)]	batch_time 1.615 (1.615)	loss1 5.92107 (5.92107)	grad_norm1 3.04729 (3.04729)	loss2 0.25663 (0.25663)	grad_norm2 0.00000 (0.00000)	loss3 0.00000 (0.00000)	loss4 0.00000 (0.00000)	lr 9.999e-05 (9.999e-05)	RemainingTime 8:08:48 (2026-03-21 22:47:13)	FPS  39.621
2026-03-21 14:38:27,480:INFO:Iter: [226/919]	Epoch: [0/20 (18380)]	batch_time 1.612 (1.612)	loss1 5.89232 (5.89232)	grad_norm1 2.19955 (2.19955)	loss2 0.24732 (0.24732)	grad_norm2 0.00000 (0.00000)	loss3 0.00000 (0.00000)	loss4 0.00000 (0.00000)	lr 9.999e-05 (9.999e-05)	RemainingTime 8:07:37 (2026-03-21 22:46:04)	FPS  39.714
2026-03-21 14:38:29,086:INFO:Iter: [227/919]	Epoch: [0/20 (18380)]	batch_time 1.605 (1.605)	loss1 5.94713 (5.94713)	grad_norm1 3.42742 (3.42742)	loss2 0.24794 (0.24794)	grad_norm2 0.00000 (0.00000)	loss3 0.00000 (0.00000)	loss4 0.00000 (0.00000)	lr 9.999e-05 (9.999e-05)	RemainingTime 8:05:46 (2026-03-21 22:44:14)	FPS  39.864
2026-03-21 14:38:30,855:INFO:Iter: [228/919]	Epoch: [0/20 (18380)]	batch_time 1.769 (1.769)	loss1 5.77758 (5.77758)	grad_norm1 1.81059 (1.81059)	loss2 0.25066 (0.25066)	grad_norm2 0.00000 (0.00000)	loss3 0.00000 (0.00000)	loss4 0.00000 (0.00000)	lr 9.999e-05 (9.999e-05)	RemainingTime 8:55:18 (2026-03-21 23:33:48)	FPS  36.173
2026-03-21 14:38:32,460:INFO:Iter: [229/919]	Epoch: [0/20 (18380)]	batch_time 1.604 (1.604)	loss1 5.80916 (5.80916)	grad_norm1 3.59038 (3.59038)	loss2 0.25144 (0.25144)	grad_norm2 0.00000 (0.00000)	loss3 0.00000 (0.00000)	loss4 0.00000 (0.00000)	lr 9.999e-05 (9.999e-05)	RemainingTime 8:05:17 (2026-03-21 22:43:49)	FPS  39.898
2026-03-21 14:38:34,070:INFO:Iter: [230/919]	Epoch: [0/20 (18380)]	batch_time 1.610 (1.610)	loss1 6.08669 (6.08669)	grad_norm1 3.06573 (3.06573)	loss2 0.25845 (0.25845)	grad_norm2 0.00000 (0.00000)	loss3 0.00000 (0.00000)	loss4 0.00000 (0.00000)	lr 9.999e-05 (9.999e-05)	RemainingTime 8:07:03 (2026-03-21 22:45:37)	FPS  39.751
2026-03-21 14:38:35,835:INFO:Iter: [231/919]	Epoch: [0/20 (18380)]	batch_time 1.765 (1.765)	loss1 5.81781 (5.81781)	grad_norm1 3.31852 (3.31852)	loss2 0.24663 (0.24663)	grad_norm2 0.00000 (0.00000)	loss3 0.00000 (0.00000)	loss4 0.00000 (0.00000)	lr 9.999e-05 (9.999e-05)	RemainingTime 8:53:50 (2026-03-21 23:32:25)	FPS  36.266
2026-03-21 14:38:37,455:INFO:Iter: [232/919]	Epoch: [0/20 (18380)]	batch_time 1.620 (1.620)	loss1 5.81861 (5.81861)	grad_norm1 1.80236 (1.80236)	loss2 0.25104 (0.25104)	grad_norm2 0.00000 (0.00000)	loss3 0.00000 (0.00000)	loss4 0.00000 (0.00000)	lr 9.999e-05 (9.999e-05)	RemainingTime 8:09:57 (2026-03-21 22:48:34)	FPS  39.512
2026-03-21 14:38:39,061:INFO:Iter: [233/919]	Epoch: [0/20 (18380)]	batch_time 1.605 (1.605)	loss1 5.89126 (5.89126)	grad_norm1 3.01736 (3.01736)	loss2 0.25484 (0.25484)	grad_norm2 0.00000 (0.00000)	loss3 0.00000 (0.00000)	loss4 0.00000 (0.00000)	lr 9.999e-05 (9.999e-05)	RemainingTime 8:05:30 (2026-03-21 22:44:08)	FPS  39.873
2026-03-21 14:38:40,823:INFO:Iter: [234/919]	Epoch: [0/20 (18380)]	batch_time 1.762 (1.762)	loss1 5.96429 (5.96429)	grad_norm1 2.57514 (2.57514)	loss2 0.25757 (0.25757)	grad_norm2 0.00000 (0.00000)	loss3 0.00000 (0.00000)	loss4 0.00000 (0.00000)	lr 9.999e-05 (9.999e-05)	RemainingTime 8:52:58 (2026-03-21 23:31:39)	FPS  36.319
2026-03-21 14:38:42,436:INFO:Iter: [235/919]	Epoch: [0/20 (18380)]	batch_time 1.612 (1.612)	loss1 5.84971 (5.84971)	grad_norm1 2.74850 (2.74850)	loss2 0.24868 (0.24868)	grad_norm2 0.00000 (0.00000)	loss3 0.00000 (0.00000)	loss4 0.00000 (0.00000)	lr 9.999e-05 (9.999e-05)	RemainingTime 8:07:32 (2026-03-21 22:46:14)	FPS  39.702
2026-03-21 14:38:44,045:INFO:Iter: [236/919]	Epoch: [0/20 (18380)]	batch_time 1.609 (1.609)	loss1 5.93092 (5.93092)	grad_norm1 2.71305 (2.71305)	loss2 0.25591 (0.25591)	grad_norm2 0.00000 (0.00000)	loss3 0.00000 (0.00000)	loss4 0.00000 (0.00000)	lr 9.999e-05 (9.999e-05)	RemainingTime 8:06:42 (2026-03-21 22:45:25)	FPS  39.768
2026-03-21 14:38:45,656:INFO:Iter: [237/919]	Epoch: [0/20 (18380)]	batch_time 1.610 (1.610)	loss1 5.89876 (5.89876)	grad_norm1 3.25928 (3.25928)	loss2 0.25719 (0.25719)	grad_norm2 0.00000 (0.00000)	loss3 0.00000 (0.00000)	loss4 0.00000 (0.00000)	lr 9.998e-05 (9.998e-05)	RemainingTime 8:06:52 (2026-03-21 22:45:37)	FPS  39.751
2026-03-21 14:38:47,263:INFO:Iter: [238/919]	Epoch: [0/20 (18380)]	batch_time 1.607 (1.607)	loss1 5.98001 (5.98001)	grad_norm1 2.60023 (2.60023)	loss2 0.24779 (0.24779)	grad_norm2 0.00000 (0.00000)	loss3 0.00000 (0.00000)	loss4 0.00000 (0.00000)	lr 9.998e-05 (9.998e-05)	RemainingTime 8:05:47 (2026-03-21 22:44:34)	FPS  39.837
2026-03-21 14:38:48,873:INFO:Iter: [239/919]	Epoch: [0/20 (18380)]	batch_time 1.610 (1.610)	loss1 5.89135 (5.89135)	grad_norm1 2.97378 (2.97378)	loss2 0.24576 (0.24576)	grad_norm2 0.00000 (0.00000)	loss3 0.00000 (0.00000)	loss4 0.00000 (0.00000)	lr 9.998e-05 (9.998e-05)	RemainingTime 8:06:41 (2026-03-21 22:45:29)	FPS  39.762
2026-03-21 14:38:50,482:INFO:Iter: [240/919]	Epoch: [0/20 (18380)]	batch_time 1.609 (1.609)	loss1 5.87179 (5.87179)	grad_norm1 1.80029 (1.80029)	loss2 0.25748 (0.25748)	grad_norm2 0.00000 (0.00000)	loss3 0.00000 (0.00000)	loss4 0.00000 (0.00000)	lr 9.998e-05 (9.998e-05)	RemainingTime 8:06:28 (2026-03-21 22:45:18)	FPS  39.777
2026-03-21 14:38:52,096:INFO:Iter: [241/919]	Epoch: [0/20 (18380)]	batch_time 1.613 (1.613)	loss1 5.95662 (5.95662)	grad_norm1 2.66516 (2.66516)	loss2 0.24704 (0.24704)	grad_norm2 0.00000 (0.00000)	loss3 0.00000 (0.00000)	loss4 0.00000 (0.00000)	lr 9.998e-05 (9.998e-05)	RemainingTime 8:07:42 (2026-03-21 22:46:34)	FPS  39.675
2026-03-21 14:38:53,705:INFO:Iter: [242/919]	Epoch: [0/20 (18380)]	batch_time 1.609 (1.609)	loss1 5.77756 (5.77756)	grad_norm1 2.39347 (2.39347)	loss2 0.24927 (0.24927)	grad_norm2 0.00000 (0.00000)	loss3 0.00000 (0.00000)	loss4 0.00000 (0.00000)	lr 9.998e-05 (9.998e-05)	RemainingTime 8:06:20 (2026-03-21 22:45:13)	FPS  39.784
2026-03-21 14:38:55,492:INFO:Iter: [243/919]	Epoch: [0/20 (18380)]	batch_time 1.787 (1.787)	loss1 5.98100 (5.98100)	grad_norm1 2.77854 (2.77854)	loss2 0.25054 (0.25054)	grad_norm2 0.00000 (0.00000)	loss3 0.00000 (0.00000)	loss4 0.00000 (0.00000)	lr 9.998e-05 (9.998e-05)	RemainingTime 9:00:14 (2026-03-21 23:39:09)	FPS  35.813
2026-03-21 14:38:57,103:INFO:Iter: [244/919]	Epoch: [0/20 (18380)]	batch_time 1.610 (1.610)	loss1 5.78645 (5.78645)	grad_norm1 1.73912 (1.73912)	loss2 0.24912 (0.24912)	grad_norm2 0.00000 (0.00000)	loss3 0.00000 (0.00000)	loss4 0.00000 (0.00000)	lr 9.998e-05 (9.998e-05)	RemainingTime 8:06:45 (2026-03-21 22:45:42)	FPS  39.745
2026-03-21 14:38:58,718:INFO:Iter: [245/919]	Epoch: [0/20 (18380)]	batch_time 1.615 (1.615)	loss1 6.05366 (6.05366)	grad_norm1 3.40931 (3.40931)	loss2 0.25568 (0.25568)	grad_norm2 0.00000 (0.00000)	loss3 0.00000 (0.00000)	loss4 0.00000 (0.00000)	lr 9.998e-05 (9.998e-05)	RemainingTime 8:08:04 (2026-03-21 22:47:02)	FPS  39.636
2026-03-21 14:39:00,325:INFO:Iter: [246/919]	Epoch: [0/20 (18380)]	batch_time 1.607 (1.607)	loss1 5.92701 (5.92701)	grad_norm1 2.01223 (2.01223)	loss2 0.25459 (0.25459)	grad_norm2 0.00000 (0.00000)	loss3 0.00000 (0.00000)	loss4 0.00000 (0.00000)	lr 9.998e-05 (9.998e-05)	RemainingTime 8:05:40 (2026-03-21 22:44:40)	FPS  39.830
2026-03-21 14:39:01,932:INFO:Iter: [247/919]	Epoch: [0/20 (18380)]	batch_time 1.607 (1.607)	loss1 5.92141 (5.92141)	grad_norm1 2.81714 (2.81714)	loss2 0.25614 (0.25614)	grad_norm2 0.00000 (0.00000)	loss3 0.00000 (0.00000)	loss4 0.00000 (0.00000)	lr 9.998e-05 (9.998e-05)	RemainingTime 8:05:35 (2026-03-21 22:44:36)	FPS  39.834
2026-03-21 14:39:03,540:INFO:Iter: [248/919]	Epoch: [0/20 (18380)]	batch_time 1.608 (1.608)	loss1 5.87295 (5.87295)	grad_norm1 1.99181 (1.99181)	loss2 0.25307 (0.25307)	grad_norm2 0.00000 (0.00000)	loss3 0.00000 (0.00000)	loss4 0.00000 (0.00000)	lr 9.998e-05 (9.998e-05)	RemainingTime 8:05:53 (2026-03-21 22:44:56)	FPS  39.807
2026-03-21 14:39:05,154:INFO:Iter: [249/919]	Epoch: [0/20 (18380)]	batch_time 1.614 (1.614)	loss1 5.96716 (5.96716)	grad_norm1 2.82701 (2.82701)	loss2 0.25071 (0.25071)	grad_norm2 0.00000 (0.00000)	loss3 0.00000 (0.00000)	loss4 0.00000 (0.00000)	lr 9.998e-05 (9.998e-05)	RemainingTime 8:07:46 (2026-03-21 22:46:51)	FPS  39.651
2026-03-21 14:39:06,771:INFO:Iter: [250/919]	Epoch: [0/20 (18380)]	batch_time 1.616 (1.616)	loss1 5.98722 (5.98722)	grad_norm1 2.87550 (2.87550)	loss2 0.25699 (0.25699)	grad_norm2 0.00000 (0.00000)	loss3 0.00000 (0.00000)	loss4 0.00000 (0.00000)	lr 9.998e-05 (9.998e-05)	RemainingTime 8:08:22 (2026-03-21 22:47:28)	FPS  39.601
2026-03-21 14:39:08,380:INFO:Iter: [251/919]	Epoch: [0/20 (18380)]	batch_time 1.609 (1.609)	loss1 5.81463 (5.81463)	grad_norm1 2.65815 (2.65815)	loss2 0.25466 (0.25466)	grad_norm2 0.00000 (0.00000)	loss3 0.00000 (0.00000)	loss4 0.00000 (0.00000)	lr 9.998e-05 (9.998e-05)	RemainingTime 8:06:12 (2026-03-21 22:45:19)	FPS  39.776
2026-03-21 14:39:10,175:INFO:Iter: [252/919]	Epoch: [0/20 (18380)]	batch_time 1.795 (1.795)	loss1 5.92895 (5.92895)	grad_norm1 1.74617 (1.74617)	loss2 0.25437 (0.25437)	grad_norm2 0.00000 (0.00000)	loss3 0.00000 (0.00000)	loss4 0.00000 (0.00000)	lr 9.998e-05 (9.998e-05)	RemainingTime 9:02:19 (2026-03-21 23:41:29)	FPS  35.657
2026-03-21 14:39:11,785:INFO:Iter: [253/919]	Epoch: [0/20 (18380)]	batch_time 1.609 (1.609)	loss1 5.84297 (5.84297)	grad_norm1 2.77879 (2.77879)	loss2 0.24927 (0.24927)	grad_norm2 0.00000 (0.00000)	loss3 0.00000 (0.00000)	loss4 0.00000 (0.00000)	lr 9.998e-05 (9.998e-05)	RemainingTime 8:06:15 (2026-03-21 22:45:26)	FPS  39.767
2026-03-21 14:39:13,395:INFO:Iter: [254/919]	Epoch: [0/20 (18380)]	batch_time 1.610 (1.610)	loss1 6.05641 (6.05641)	grad_norm1 1.76168 (1.76168)	loss2 0.25311 (0.25311)	grad_norm2 0.00000 (0.00000)	loss3 0.00000 (0.00000)	loss4 0.00000 (0.00000)	lr 9.998e-05 (9.998e-05)	RemainingTime 8:06:16 (2026-03-21 22:45:29)	FPS  39.764
2026-03-21 14:39:15,005:INFO:Iter: [255/919]	Epoch: [0/20 (18380)]	batch_time 1.610 (1.610)	loss1 5.93454 (5.93454)	grad_norm1 2.80396 (2.80396)	loss2 0.25309 (0.25309)	grad_norm2 0.00000 (0.00000)	loss3 0.00000 (0.00000)	loss4 0.00000 (0.00000)	lr 9.998e-05 (9.998e-05)	RemainingTime 8:06:19 (2026-03-21 22:45:34)	FPS  39.756
2026-03-21 14:39:16,820:INFO:Iter: [256/919]	Epoch: [0/20 (18380)]	batch_time 1.815 (1.815)	loss1 5.87721 (5.87721)	grad_norm1 1.75733 (1.75733)	loss2 0.25076 (0.25076)	grad_norm2 0.00000 (0.00000)	loss3 0.00000 (0.00000)	loss4 0.00000 (0.00000)	lr 9.998e-05 (9.998e-05)	RemainingTime 9:08:09 (2026-03-21 23:47:25)	FPS  35.271
2026-03-21 14:39:18,432:INFO:Iter: [257/919]	Epoch: [0/20 (18380)]	batch_time 1.612 (1.612)	loss1 5.89243 (5.89243)	grad_norm1 3.09866 (3.09866)	loss2 0.25079 (0.25079)	grad_norm2 0.00000 (0.00000)	loss3 0.00000 (0.00000)	loss4 0.00000 (0.00000)	lr 9.998e-05 (9.998e-05)	RemainingTime 8:06:52 (2026-03-21 22:46:10)	FPS  39.708
2026-03-21 14:39:20,040:INFO:Iter: [258/919]	Epoch: [0/20 (18380)]	batch_time 1.607 (1.607)	loss1 5.84971 (5.84971)	grad_norm1 1.86900 (1.86900)	loss2 0.25332 (0.25332)	grad_norm2 0.00000 (0.00000)	loss3 0.00000 (0.00000)	loss4 0.00000 (0.00000)	lr 9.998e-05 (9.998e-05)	RemainingTime 8:05:27 (2026-03-21 22:44:46)	FPS  39.821
2026-03-21 14:39:21,649:INFO:Iter: [259/919]	Epoch: [0/20 (18380)]	batch_time 1.609 (1.609)	loss1 5.79557 (5.79557)	grad_norm1 2.89425 (2.89425)	loss2 0.24912 (0.24912)	grad_norm2 0.00000 (0.00000)	loss3 0.00000 (0.00000)	loss4 0.00000 (0.00000)	lr 9.998e-05 (9.998e-05)	RemainingTime 8:05:51 (2026-03-21 22:45:12)	FPS  39.787
2026-03-21 14:39:23,260:INFO:Iter: [260/919]	Epoch: [0/20 (18380)]	batch_time 1.611 (1.611)	loss1 5.88675 (5.88675)	grad_norm1 2.45382 (2.45382)	loss2 0.25112 (0.25112)	grad_norm2 0.00000 (0.00000)	loss3 0.00000 (0.00000)	loss4 0.00000 (0.00000)	lr 9.998e-05 (9.998e-05)	RemainingTime 8:06:36 (2026-03-21 22:45:59)	FPS  39.723
2026-03-21 14:39:24,869:INFO:Iter: [261/919]	Epoch: [0/20 (18380)]	batch_time 1.609 (1.609)	loss1 5.87461 (5.87461)	grad_norm1 3.19875 (3.19875)	loss2 0.25327 (0.25327)	grad_norm2 0.00000 (0.00000)	loss3 0.00000 (0.00000)	loss4 0.00000 (0.00000)	lr 9.998e-05 (9.998e-05)	RemainingTime 8:05:56 (2026-03-21 22:45:20)	FPS  39.775
2026-03-21 14:39:26,478:INFO:Iter: [262/919]	Epoch: [0/20 (18380)]	batch_time 1.608 (1.608)	loss1 5.99440 (5.99440)	grad_norm1 1.76192 (1.76192)	loss2 0.25548 (0.25548)	grad_norm2 0.00000 (0.00000)	loss3 0.00000 (0.00000)	loss4 0.00000 (0.00000)	lr 9.998e-05 (9.998e-05)	RemainingTime 8:05:43 (2026-03-21 22:45:09)	FPS  39.790
2026-03-21 14:39:28,086:INFO:Iter: [263/919]	Epoch: [0/20 (18380)]	batch_time 1.607 (1.607)	loss1 5.71064 (5.71064)	grad_norm1 3.63740 (3.63740)	loss2 0.24665 (0.24665)	grad_norm2 0.00000 (0.00000)	loss3 0.00000 (0.00000)	loss4 0.00000 (0.00000)	lr 9.998e-05 (9.998e-05)	RemainingTime 8:05:22 (2026-03-21 22:44:49)	FPS  39.818
2026-03-21 14:39:29,695:INFO:Iter: [264/919]	Epoch: [0/20 (18380)]	batch_time 1.609 (1.609)	loss1 5.93948 (5.93948)	grad_norm1 2.30340 (2.30340)	loss2 0.25710 (0.25710)	grad_norm2 0.00000 (0.00000)	loss3 0.00000 (0.00000)	loss4 0.00000 (0.00000)	lr 9.998e-05 (9.998e-05)	RemainingTime 8:05:46 (2026-03-21 22:45:15)	FPS  39.782
2026-03-21 14:39:31,309:INFO:Iter: [265/919]	Epoch: [0/20 (18380)]	batch_time 1.614 (1.614)	loss1 5.93355 (5.93355)	grad_norm1 3.51684 (3.51684)	loss2 0.25080 (0.25080)	grad_norm2 0.00000 (0.00000)	loss3 0.00000 (0.00000)	loss4 0.00000 (0.00000)	lr 9.998e-05 (9.998e-05)	RemainingTime 8:07:13 (2026-03-21 22:46:44)	FPS  39.662
2026-03-21 14:39:32,917:INFO:Iter: [266/919]	Epoch: [0/20 (18380)]	batch_time 1.608 (1.608)	loss1 6.05903 (6.05903)	grad_norm1 2.29836 (2.29836)	loss2 0.25093 (0.25093)	grad_norm2 0.00000 (0.00000)	loss3 0.00000 (0.00000)	loss4 0.00000 (0.00000)	lr 9.998e-05 (9.998e-05)	RemainingTime 8:05:27 (2026-03-21 22:44:59)	FPS  39.804
2026-03-21 14:39:34,733:INFO:Iter: [267/919]	Epoch: [0/20 (18380)]	batch_time 1.815 (1.815)	loss1 5.88932 (5.88932)	grad_norm1 2.87042 (2.87042)	loss2 0.25012 (0.25012)	grad_norm2 0.00000 (0.00000)	loss3 0.00000 (0.00000)	loss4 0.00000 (0.00000)	lr 9.998e-05 (9.998e-05)	RemainingTime 9:08:05 (2026-03-21 23:47:39)	FPS  35.253
2026-03-21 14:39:36,339:INFO:Iter: [268/919]	Epoch: [0/20 (18380)]	batch_time 1.606 (1.606)	loss1 5.86727 (5.86727)	grad_norm1 2.56003 (2.56003)	loss2 0.25853 (0.25853)	grad_norm2 0.00000 (0.00000)	loss3 0.00000 (0.00000)	loss4 0.00000 (0.00000)	lr 9.998e-05 (9.998e-05)	RemainingTime 8:04:47 (2026-03-21 22:44:23)	FPS  39.854
2026-03-21 14:39:37,950:INFO:Iter: [269/919]	Epoch: [0/20 (18380)]	batch_time 1.611 (1.611)	loss1 5.88603 (5.88603)	grad_norm1 3.05171 (3.05171)	loss2 0.25005 (0.25005)	grad_norm2 0.00000 (0.00000)	loss3 0.00000 (0.00000)	loss4 0.00000 (0.00000)	lr 9.998e-05 (9.998e-05)	RemainingTime 8:06:11 (2026-03-21 22:45:49)	FPS  39.736
2026-03-21 14:39:39,556:INFO:Iter: [270/919]	Epoch: [0/20 (18380)]	batch_time 1.606 (1.606)	loss1 5.80627 (5.80627)	grad_norm1 2.06872 (2.06872)	loss2 0.24936 (0.24936)	grad_norm2 0.00000 (0.00000)	loss3 0.00000 (0.00000)	loss4 0.00000 (0.00000)	lr 9.998e-05 (9.998e-05)	RemainingTime 8:04:41 (2026-03-21 22:44:20)	FPS  39.858
2026-03-21 14:39:41,165:INFO:Iter: [271/919]	Epoch: [0/20 (18380)]	batch_time 1.608 (1.608)	loss1 5.96806 (5.96806)	grad_norm1 2.77654 (2.77654)	loss2 0.25466 (0.25466)	grad_norm2 0.00000 (0.00000)	loss3 0.00000 (0.00000)	loss4 0.00000 (0.00000)	lr 9.998e-05 (9.998e-05)	RemainingTime 8:05:30 (2026-03-21 22:45:10)	FPS  39.789
2026-03-21 14:39:42,776:INFO:Iter: [272/919]	Epoch: [0/20 (18380)]	batch_time 1.611 (1.611)	loss1 5.93724 (5.93724)	grad_norm1 1.93414 (1.93414)	loss2 0.24751 (0.24751)	grad_norm2 0.00000 (0.00000)	loss3 0.00000 (0.00000)	loss4 0.00000 (0.00000)	lr 9.998e-05 (9.998e-05)	RemainingTime 8:06:06 (2026-03-21 22:45:48)	FPS  39.738
2026-03-21 14:39:44,391:INFO:Iter: [273/919]	Epoch: [0/20 (18380)]	batch_time 1.615 (1.615)	loss1 5.94953 (5.94953)	grad_norm1 2.97921 (2.97921)	loss2 0.25294 (0.25294)	grad_norm2 0.00000 (0.00000)	loss3 0.00000 (0.00000)	loss4 0.00000 (0.00000)	lr 9.998e-05 (9.998e-05)	RemainingTime 8:07:21 (2026-03-21 22:47:05)	FPS  39.633
2026-03-21 14:39:45,998:INFO:Iter: [274/919]	Epoch: [0/20 (18380)]	batch_time 1.606 (1.606)	loss1 6.01420 (6.01420)	grad_norm1 2.23993 (2.23993)	loss2 0.25469 (0.25469)	grad_norm2 0.00000 (0.00000)	loss3 0.00000 (0.00000)	loss4 0.00000 (0.00000)	lr 9.998e-05 (9.998e-05)	RemainingTime 8:04:38 (2026-03-21 22:44:23)	FPS  39.853
2026-03-21 14:39:47,614:INFO:Iter: [275/919]	Epoch: [0/20 (18380)]	batch_time 1.616 (1.616)	loss1 5.83346 (5.83346)	grad_norm1 2.93603 (2.93603)	loss2 0.25304 (0.25304)	grad_norm2 0.00000 (0.00000)	loss3 0.00000 (0.00000)	loss4 0.00000 (0.00000)	lr 9.998e-05 (9.998e-05)	RemainingTime 8:07:43 (2026-03-21 22:47:30)	FPS  39.599
2026-03-21 14:39:49,397:INFO:Iter: [276/919]	Epoch: [0/20 (18380)]	batch_time 1.783 (1.783)	loss1 5.97569 (5.97569)	grad_norm1 2.14035 (2.14035)	loss2 0.25058 (0.25058)	grad_norm2 0.00000 (0.00000)	loss3 0.00000 (0.00000)	loss4 0.00000 (0.00000)	lr 9.998e-05 (9.998e-05)	RemainingTime 8:57:59 (2026-03-21 23:37:48)	FPS  35.897
2026-03-21 14:39:51,010:INFO:Iter: [277/919]	Epoch: [0/20 (18380)]	batch_time 1.612 (1.612)	loss1 6.06552 (6.06552)	grad_norm1 3.38028 (3.38028)	loss2 0.25629 (0.25629)	grad_norm2 0.00000 (0.00000)	loss3 0.00000 (0.00000)	loss4 0.00000 (0.00000)	lr 9.998e-05 (9.998e-05)	RemainingTime 8:06:19 (2026-03-21 22:46:09)	FPS  39.709
2026-03-21 14:39:52,619:INFO:Iter: [278/919]	Epoch: [0/20 (18380)]	batch_time 1.609 (1.609)	loss1 5.88180 (5.88180)	grad_norm1 2.78926 (2.78926)	loss2 0.25807 (0.25807)	grad_norm2 0.00000 (0.00000)	loss3 0.00000 (0.00000)	loss4 0.00000 (0.00000)	lr 9.997e-05 (9.997e-05)	RemainingTime 8:05:27 (2026-03-21 22:45:19)	FPS  39.777
2026-03-21 14:39:54,226:INFO:Iter: [279/919]	Epoch: [0/20 (18380)]	batch_time 1.607 (1.607)	loss1 5.75034 (5.75034)	grad_norm1 3.28880 (3.28880)	loss2 0.25430 (0.25430)	grad_norm2 0.00000 (0.00000)	loss3 0.00000 (0.00000)	loss4 0.00000 (0.00000)	lr 9.997e-05 (9.997e-05)	RemainingTime 8:04:47 (2026-03-21 22:44:41)	FPS  39.830
2026-03-21 14:39:56,035:INFO:Iter: [280/919]	Epoch: [0/20 (18380)]	batch_time 1.808 (1.808)	loss1 5.81583 (5.81583)	grad_norm1 2.14236 (2.14236)	loss2 0.25502 (0.25502)	grad_norm2 0.00000 (0.00000)	loss3 0.00000 (0.00000)	loss4 0.00000 (0.00000)	lr 9.997e-05 (9.997e-05)	RemainingTime 9:05:34 (2026-03-21 23:45:30)	FPS  35.390
2026-03-21 14:39:57,646:INFO:Iter: [281/919]	Epoch: [0/20 (18380)]	batch_time 1.611 (1.611)	loss1 5.73648 (5.73648)	grad_norm1 2.96222 (2.96222)	loss2 0.25268 (0.25268)	grad_norm2 0.00000 (0.00000)	loss3 0.00000 (0.00000)	loss4 0.00000 (0.00000)	lr 9.997e-05 (9.997e-05)	RemainingTime 8:06:02 (2026-03-21 22:45:59)	FPS  39.723
